---------------------------------------------------------------
[2018-08-19T00:07:37+08:00] 74.82.47.4 GET 119.29.217.103/
[运行时间：0.026789s] [吞吐率：37.33req/s] [内存消耗：2,792.48kb] [文件加载：74]
[ info ] [ LANG ] /www/wwwroot/default/garbage.yw/server/thinkphp/lang/zh-cn.php
[ info ] [ ROUTE ] array (
)
[ info ] [ HEADER ] array (
  'host' => '119.29.217.103',
  'content-type' => '',
  'content-length' => '',
)
[ info ] [ PARAM ] array (
)
---------------------------------------------------------------
[2018-08-19T12:53:04+08:00] 59.36.132.140 GET 119.29.217.103/wp-includes/js/comment-reply.min.js
[运行时间：0.027381s] [吞吐率：36.52req/s] [内存消耗：2,796.48kb] [文件加载：74]
[ info ] [ LANG ] /www/wwwroot/default/garbage.yw/server/thinkphp/lang/zh-cn.php
[ info ] [ ROUTE ] array (
)
[ info ] [ HEADER ] array (
  'host' => '119.29.217.103',
  'connection' => 'keep-alive',
  'accept-encoding' => 'gzip,deflate',
  'accept' => 'text/html,application/xhtml+xml,application/xml;q=0.9,image/webp,*/*;q=0.8',
  'user-agent' => 'Mozilla/5.0 (Windows NT 6.1; WOW64) AppleWebKit/537.36 (KHTML, like Gecko) Chrome/32.0.1700.76 Safari/537.36',
  'referer' => 'https://119.29.217.103/',
  'pragma' => 'no-cache',
  'cache-control' => 'no-cache',
  'cookie' => 'xx=xxx',
  'content-type' => '',
  'content-length' => '',
)
[ info ] [ PARAM ] array (
)
---------------------------------------------------------------
[2018-08-19T12:53:05+08:00] 59.36.132.140 GET 119.29.217.103/include/js/common.js
[运行时间：0.141462s] [吞吐率：7.07req/s] [内存消耗：2,796.47kb] [文件加载：74]
[ info ] [ LANG ] /www/wwwroot/default/garbage.yw/server/thinkphp/lang/zh-cn.php
[ info ] [ ROUTE ] array (
)
[ info ] [ HEADER ] array (
  'host' => '119.29.217.103',
  'connection' => 'keep-alive',
  'accept-encoding' => 'gzip,deflate',
  'accept' => 'text/html,application/xhtml+xml,application/xml;q=0.9,image/webp,*/*;q=0.8',
  'user-agent' => 'Mozilla/5.0 (Windows NT 6.1; WOW64) AppleWebKit/537.36 (KHTML, like Gecko) Chrome/32.0.1700.76 Safari/537.36',
  'referer' => 'https://119.29.217.103/',
  'pragma' => 'no-cache',
  'cache-control' => 'no-cache',
  'cookie' => 'xx=xxx',
  'content-type' => '',
  'content-length' => '',
)
[ info ] [ PARAM ] array (
)
---------------------------------------------------------------
[2018-08-19T12:53:05+08:00] 59.36.132.140 GET 119.29.217.103/include/js/ajax.js
[运行时间：0.029047s] [吞吐率：34.43req/s] [内存消耗：2,796.47kb] [文件加载：74]
[ info ] [ LANG ] /www/wwwroot/default/garbage.yw/server/thinkphp/lang/zh-cn.php
[ info ] [ ROUTE ] array (
)
[ info ] [ HEADER ] array (
  'host' => '119.29.217.103',
  'connection' => 'keep-alive',
  'accept-encoding' => 'gzip,deflate',
  'accept' => 'text/html,application/xhtml+xml,application/xml;q=0.9,image/webp,*/*;q=0.8',
  'user-agent' => 'Mozilla/5.0 (Windows NT 6.1; WOW64) AppleWebKit/537.36 (KHTML, like Gecko) Chrome/32.0.1700.76 Safari/537.36',
  'referer' => 'https://119.29.217.103/',
  'pragma' => 'no-cache',
  'cache-control' => 'no-cache',
  'cookie' => 'xx=xxx',
  'content-type' => '',
  'content-length' => '',
)
[ info ] [ PARAM ] array (
)
---------------------------------------------------------------
[2018-08-19T12:53:05+08:00] 59.36.132.140 GET 119.29.217.103/styles/prosilver/template/forum_fn.js
[运行时间：0.033825s] [吞吐率：29.56req/s] [内存消耗：2,796.48kb] [文件加载：74]
[ info ] [ LANG ] /www/wwwroot/default/garbage.yw/server/thinkphp/lang/zh-cn.php
[ info ] [ ROUTE ] array (
)
[ info ] [ HEADER ] array (
  'host' => '119.29.217.103',
  'connection' => 'keep-alive',
  'accept-encoding' => 'gzip,deflate',
  'accept' => 'text/html,application/xhtml+xml,application/xml;q=0.9,image/webp,*/*;q=0.8',
  'user-agent' => 'Mozilla/5.0 (Windows NT 6.1; WOW64) AppleWebKit/537.36 (KHTML, like Gecko) Chrome/32.0.1700.76 Safari/537.36',
  'referer' => 'https://119.29.217.103/',
  'pragma' => 'no-cache',
  'cache-control' => 'no-cache',
  'cookie' => 'xx=xxx',
  'content-type' => '',
  'content-length' => '',
)
[ info ] [ PARAM ] array (
)
---------------------------------------------------------------
[2018-08-19T12:53:06+08:00] 59.36.132.140 GET 119.29.217.103/templets/style/dede.css
[运行时间：0.029087s] [吞吐率：34.38req/s] [内存消耗：2,796.48kb] [文件加载：74]
[ info ] [ LANG ] /www/wwwroot/default/garbage.yw/server/thinkphp/lang/zh-cn.php
[ info ] [ ROUTE ] array (
)
[ info ] [ HEADER ] array (
  'host' => '119.29.217.103',
  'connection' => 'keep-alive',
  'accept-encoding' => 'gzip,deflate',
  'accept' => 'text/html,application/xhtml+xml,application/xml;q=0.9,image/webp,*/*;q=0.8',
  'user-agent' => 'Mozilla/5.0 (Windows NT 6.1; WOW64) AppleWebKit/537.36 (KHTML, like Gecko) Chrome/32.0.1700.76 Safari/537.36',
  'referer' => 'https://119.29.217.103/',
  'pragma' => 'no-cache',
  'cache-control' => 'no-cache',
  'cookie' => 'xx=xxx',
  'content-type' => '',
  'content-length' => '',
)
[ info ] [ PARAM ] array (
)
---------------------------------------------------------------
[2018-08-19T12:53:06+08:00] 59.36.132.140 GET 119.29.217.103/include/dedeajax2.js
[运行时间：0.025347s] [吞吐率：39.45req/s] [内存消耗：2,796.47kb] [文件加载：74]
[ info ] [ LANG ] /www/wwwroot/default/garbage.yw/server/thinkphp/lang/zh-cn.php
[ info ] [ ROUTE ] array (
)
[ info ] [ HEADER ] array (
  'host' => '119.29.217.103',
  'connection' => 'keep-alive',
  'accept-encoding' => 'gzip,deflate',
  'accept' => 'text/html,application/xhtml+xml,application/xml;q=0.9,image/webp,*/*;q=0.8',
  'user-agent' => 'Mozilla/5.0 (Windows NT 6.1; WOW64) AppleWebKit/537.36 (KHTML, like Gecko) Chrome/32.0.1700.76 Safari/537.36',
  'referer' => 'https://119.29.217.103/',
  'pragma' => 'no-cache',
  'cache-control' => 'no-cache',
  'cookie' => 'xx=xxx',
  'content-type' => '',
  'content-length' => '',
)
[ info ] [ PARAM ] array (
)
---------------------------------------------------------------
[2018-08-19T12:53:06+08:00] 59.36.132.140 GET 119.29.217.103/js/lang/cms/zh-cn.js
[运行时间：0.026096s] [吞吐率：38.32req/s] [内存消耗：2,796.47kb] [文件加载：74]
[ info ] [ LANG ] /www/wwwroot/default/garbage.yw/server/thinkphp/lang/zh-cn.php
[ info ] [ ROUTE ] array (
)
[ info ] [ HEADER ] array (
  'host' => '119.29.217.103',
  'connection' => 'keep-alive',
  'accept-encoding' => 'gzip,deflate',
  'accept' => 'text/html,application/xhtml+xml,application/xml;q=0.9,image/webp,*/*;q=0.8',
  'user-agent' => 'Mozilla/5.0 (Windows NT 6.1; WOW64) AppleWebKit/537.36 (KHTML, like Gecko) Chrome/32.0.1700.76 Safari/537.36',
  'referer' => 'https://119.29.217.103/',
  'pragma' => 'no-cache',
  'cache-control' => 'no-cache',
  'cookie' => 'xx=xxx',
  'content-type' => '',
  'content-length' => '',
)
[ info ] [ PARAM ] array (
)
---------------------------------------------------------------
[2018-08-19T12:53:07+08:00] 59.36.132.140 GET 119.29.217.103/style/default/content.css
[运行时间：0.028809s] [吞吐率：34.71req/s] [内存消耗：2,796.48kb] [文件加载：74]
[ info ] [ LANG ] /www/wwwroot/default/garbage.yw/server/thinkphp/lang/zh-cn.php
[ info ] [ ROUTE ] array (
)
[ info ] [ HEADER ] array (
  'host' => '119.29.217.103',
  'connection' => 'keep-alive',
  'accept-encoding' => 'gzip,deflate',
  'accept' => 'text/html,application/xhtml+xml,application/xml;q=0.9,image/webp,*/*;q=0.8',
  'user-agent' => 'Mozilla/5.0 (Windows NT 6.1; WOW64) AppleWebKit/537.36 (KHTML, like Gecko) Chrome/32.0.1700.76 Safari/537.36',
  'referer' => 'https://119.29.217.103/',
  'pragma' => 'no-cache',
  'cache-control' => 'no-cache',
  'cookie' => 'xx=xxx',
  'content-type' => '',
  'content-length' => '',
)
[ info ] [ PARAM ] array (
)
---------------------------------------------------------------
[2018-08-19T12:53:07+08:00] 59.36.132.140 GET 119.29.217.103/lang/zh/edit.js
[运行时间：0.033774s] [吞吐率：29.61req/s] [内存消耗：2,796.47kb] [文件加载：74]
[ info ] [ LANG ] /www/wwwroot/default/garbage.yw/server/thinkphp/lang/zh-cn.php
[ info ] [ ROUTE ] array (
)
[ info ] [ HEADER ] array (
  'host' => '119.29.217.103',
  'connection' => 'keep-alive',
  'accept-encoding' => 'gzip,deflate',
  'accept' => 'text/html,application/xhtml+xml,application/xml;q=0.9,image/webp,*/*;q=0.8',
  'user-agent' => 'Mozilla/5.0 (Windows NT 6.1; WOW64) AppleWebKit/537.36 (KHTML, like Gecko) Chrome/32.0.1700.76 Safari/537.36',
  'referer' => 'https://119.29.217.103/',
  'pragma' => 'no-cache',
  'cache-control' => 'no-cache',
  'cookie' => 'xx=xxx',
  'content-type' => '',
  'content-length' => '',
)
[ info ] [ PARAM ] array (
)
---------------------------------------------------------------
[2018-08-19T12:53:07+08:00] 59.36.132.140 GET 119.29.217.103/ueditor.all.js
[运行时间：0.026892s] [吞吐率：37.19req/s] [内存消耗：2,796.55kb] [文件加载：74]
[ info ] [ LANG ] /www/wwwroot/default/garbage.yw/server/thinkphp/lang/zh-cn.php
[ info ] [ ROUTE ] array (
)
[ info ] [ HEADER ] array (
  'host' => '119.29.217.103',
  'connection' => 'keep-alive',
  'accept-encoding' => 'gzip,deflate',
  'accept' => 'text/html,application/xhtml+xml,application/xml;q=0.9,image/webp,*/*;q=0.8',
  'user-agent' => 'Mozilla/5.0 (Windows NT 6.1; WOW64) AppleWebKit/537.36 (KHTML, like Gecko) Chrome/32.0.1700.76 Safari/537.36',
  'referer' => 'https://119.29.217.103/',
  'pragma' => 'no-cache',
  'cache-control' => 'no-cache',
  'cookie' => 'xx=xxx',
  'content-type' => '',
  'content-length' => '',
)
[ info ] [ PARAM ] array (
)
---------------------------------------------------------------
[2018-08-19T12:53:08+08:00] 59.36.132.140 GET 119.29.217.103/solr/
[运行时间：0.027746s] [吞吐率：36.04req/s] [内存消耗：2,796.26kb] [文件加载：74]
[ info ] [ LANG ] /www/wwwroot/default/garbage.yw/server/thinkphp/lang/zh-cn.php
[ info ] [ ROUTE ] array (
)
[ info ] [ HEADER ] array (
  'host' => '119.29.217.103',
  'connection' => 'keep-alive',
  'accept-encoding' => 'gzip,deflate',
  'accept' => 'text/html,application/xhtml+xml,application/xml;q=0.9,image/webp,*/*;q=0.8',
  'user-agent' => 'Mozilla/5.0 (Windows NT 6.1; WOW64) AppleWebKit/537.36 (KHTML, like Gecko) Chrome/32.0.1700.76 Safari/537.36',
  'referer' => 'https://119.29.217.103/',
  'pragma' => 'no-cache',
  'cache-control' => 'no-cache',
  'cookie' => 'xx=xxx',
  'content-type' => '',
  'content-length' => '',
)
[ info ] [ PARAM ] array (
)
---------------------------------------------------------------
[2018-08-19T12:53:08+08:00] 59.36.132.140 GET 119.29.217.103/
[运行时间：0.025906s] [吞吐率：38.60req/s] [内存消耗：2,795.84kb] [文件加载：74]
[ info ] [ LANG ] /www/wwwroot/default/garbage.yw/server/thinkphp/lang/zh-cn.php
[ info ] [ ROUTE ] array (
)
[ info ] [ HEADER ] array (
  'host' => '119.29.217.103',
  'connection' => 'keep-alive',
  'accept-encoding' => 'gzip,deflate',
  'accept' => 'text/html,application/xhtml+xml,application/xml;q=0.9,image/webp,*/*;q=0.8',
  'user-agent' => 'Mozilla/5.0 (Windows NT 6.1; WOW64) AppleWebKit/537.36 (KHTML, like Gecko) Chrome/32.0.1700.76 Safari/537.36',
  'referer' => 'https://119.29.217.103/',
  'pragma' => 'no-cache',
  'cache-control' => 'no-cache',
  'cookie' => 'xx=xxx',
  'content-type' => '',
  'content-length' => '',
)
[ info ] [ PARAM ] array (
)
---------------------------------------------------------------
[2018-08-19T14:23:55+08:00] 60.191.38.78 GET 119.29.217.103:443/
[运行时间：0.025885s] [吞吐率：38.63req/s] [内存消耗：2,793.67kb] [文件加载：74]
[ info ] [ LANG ] /www/wwwroot/default/garbage.yw/server/thinkphp/lang/zh-cn.php
[ info ] [ ROUTE ] array (
)
[ info ] [ HEADER ] array (
  'host' => '119.29.217.103:443',
  'user-agent' => 'Mozilla/5.0 (Macintosh; Intel Mac OS X 10.11; rv:47.0) Gecko/20100101 Firefox/47.0',
  'accept' => '*/*',
  'connection' => 'keep-alive',
  'content-type' => '',
  'content-length' => '',
)
[ info ] [ PARAM ] array (
)
