---------------------------------------------------------------
[2018-08-27T07:44:06+08:00] 139.162.113.204 GET 119.29.217.103/
[运行时间：0.026082s] [吞吐率：38.34req/s] [内存消耗：2,793.15kb] [文件加载：74]
[ info ] [ LANG ] /www/wwwroot/default/garbage.yw/server/thinkphp/lang/zh-cn.php
[ info ] [ ROUTE ] array (
)
[ info ] [ HEADER ] array (
  'host' => '119.29.217.103',
  'user-agent' => 'Go-http-client/1.1',
  'connection' => 'close',
  'content-type' => '',
  'content-length' => '',
)
[ info ] [ PARAM ] array (
)
---------------------------------------------------------------
[2018-08-27T10:32:07+08:00] 82.213.211.44 GET 119.29.217.103/
[运行时间：0.031888s] [吞吐率：31.36req/s] [内存消耗：2,792.88kb] [文件加载：74]
[ info ] [ LANG ] /www/wwwroot/default/garbage.yw/server/thinkphp/lang/zh-cn.php
[ info ] [ ROUTE ] array (
)
[ info ] [ HEADER ] array (
  'host' => '119.29.217.103',
  'user-agent' => 'curl/7.43.0',
  'accept' => '*/*',
  'content-type' => '',
  'content-length' => '',
)
[ info ] [ PARAM ] array (
)
---------------------------------------------------------------
[2018-08-27T10:34:38+08:00] 171.88.164.212 POST abc.yongweisoft.cn/cardcoupon/list?version=v1&page=1&limit=10
[运行时间：0.188988s] [吞吐率：5.29req/s] [内存消耗：4,905.54kb] [文件加载：93]
[ info ] [ LANG ] /www/wwwroot/default/garbage.yw/server/thinkphp/lang/zh-cn.php
[ info ] [ ROUTE ] array (
  'rule' => 'cardcoupon/list',
  'route' => 'cardcoupongoods/CardcouponGoods/CardcouponGoods_list',
  'option' => 
  array (
    'merge_rule_regex' => false,
  ),
  'var' => 
  array (
  ),
)
[ info ] [ HEADER ] array (
  'host' => 'abc.yongweisoft.cn',
  'connection' => 'keep-alive',
  'content-length' => '13',
  'accept' => 'application/json, text/plain, */*',
  'origin' => 'https://abc.yongweisoft.cn',
  'authorization' => 'Bearer eyJ0eXAiOiJKV1QiLCJhbGciOiJIUzI1NiJ9.eyJ1c2VySW5mbyI6ImhlbGxvIiwidGltZXMiOjAsImV4cCI6MTUzNTQyMzY3NSwiaXNzIjoieXcuY29tIiwibWVtYmVyaWQiOjF9.nY44HAprzkwTD-e9DR8jsfkufVqBz9ZI042hQL67JpA',
  'user-agent' => 'Mozilla/5.0 (Windows NT 6.1; Win64; x64) AppleWebKit/537.36 (KHTML, like Gecko) Chrome/68.0.3440.106 Safari/537.36',
  'content-type' => 'application/x-www-form-urlencoded',
  'referer' => 'https://abc.yongweisoft.cn/web/',
  'accept-encoding' => 'gzip, deflate, br',
  'accept-language' => 'zh-CN,zh;q=0.9',
  'cookie' => 'PHPSESSID=veugjiu6pfkvjr0q8e76d084i3',
)
[ info ] [ PARAM ] array (
  'version' => 'v1',
  'page' => '1',
  'limit' => '10',
  'name' => '',
  'state' => '0',
)
[ info ] [ DB ] INIT mysql
[ sql ] [ DB ] CONNECT:[ UseTime:0.000375s ] mysql:host=127.0.0.1;port=3306;dbname=spa;charset=utf8
[ sql ] [ SQL ] SHOW COLUMNS FROM `yw_goodscategory` [ RunTime:0.000872s ]
[ sql ] [ SQL ] SELECT * FROM `yw_goodscategory` WHERE  `fatherid` = 3 [ RunTime:0.000361s ]
[ sql ] [ EXPLAIN : array (
  'id' => 1,
  'select_type' => 'SIMPLE',
  'table' => 'yw_goodscategory',
  'type' => 'ALL',
  'possible_keys' => NULL,
  'key' => NULL,
  'key_len' => NULL,
  'ref' => NULL,
  'rows' => 10,
  'extra' => 'Using where',
) ]
[ sql ] [ SQL ] SELECT * FROM `yw_goodscategory` WHERE  `fatherid` = 7 [ RunTime:0.000505s ]
[ sql ] [ EXPLAIN : array (
  'id' => 1,
  'select_type' => 'SIMPLE',
  'table' => 'yw_goodscategory',
  'type' => 'ALL',
  'possible_keys' => NULL,
  'key' => NULL,
  'key_len' => NULL,
  'ref' => NULL,
  'rows' => 10,
  'extra' => 'Using where',
) ]
[ sql ] [ SQL ] SELECT * FROM `yw_goodscategory` WHERE  `fatherid` = 8 [ RunTime:0.000377s ]
[ sql ] [ EXPLAIN : array (
  'id' => 1,
  'select_type' => 'SIMPLE',
  'table' => 'yw_goodscategory',
  'type' => 'ALL',
  'possible_keys' => NULL,
  'key' => NULL,
  'key_len' => NULL,
  'ref' => NULL,
  'rows' => 10,
  'extra' => 'Using where',
) ]
[ sql ] [ SQL ] SELECT * FROM `yw_goodscategory` WHERE  `fatherid` = 9 [ RunTime:0.000311s ]
[ sql ] [ EXPLAIN : array (
  'id' => 1,
  'select_type' => 'SIMPLE',
  'table' => 'yw_goodscategory',
  'type' => 'ALL',
  'possible_keys' => NULL,
  'key' => NULL,
  'key_len' => NULL,
  'ref' => NULL,
  'rows' => 10,
  'extra' => 'Using where',
) ]
[ sql ] [ SQL ] SHOW COLUMNS FROM `yw_cardcoupon_goods` [ RunTime:0.001024s ]
[ sql ] [ SQL ] SELECT `g`.`name`,`imgurl`,`g`.`state`,`startdate`,`g`.`type`,`sellerid`,`stock`,`enddate`,`shop_price`,`member_price`,`number`,`discount`,`cid`,c.name as cname,`start_money`,`deduction_money`,g.id as goodsid FROM `yw_cardcoupon_goods` `a` FORCE INDEX ( id )  INNER JOIN `yw_goods` `g` ON `a`.`gid`=`g`.`id` INNER JOIN `yw_goodscategory` `c` ON `g`.`cid`=`c`.`id` WHERE  `g`.`name` LIKE '%%'  AND `cid` IN ('3','7','8','9')  AND `g`.`state` IN ('1','2') ORDER BY `a`.`id` DESC LIMIT 0,10 [ RunTime:0.013286s ]
[ sql ] [ EXPLAIN : array (
  'id' => 1,
  'select_type' => 'SIMPLE',
  'table' => 'a',
  'type' => 'ALL',
  'possible_keys' => NULL,
  'key' => NULL,
  'key_len' => NULL,
  'ref' => NULL,
  'rows' => 6,
  'extra' => 'Using filesort',
) ]
[ sql ] [ SQL ] SELECT COUNT(*) AS tp_count FROM `yw_cardcoupon_goods` `a` INNER JOIN `yw_goods` `g` ON `a`.`gid`=`g`.`id` INNER JOIN `yw_goodscategory` `c` ON `g`.`cid`=`c`.`id` WHERE  `cid` IN ('3','7','8','9')  AND `g`.`state` IN ('1','2') LIMIT 1 [ RunTime:0.000469s ]
[ sql ] [ EXPLAIN : array (
  'id' => 1,
  'select_type' => 'SIMPLE',
  'table' => 'a',
  'type' => 'index',
  'possible_keys' => 'gid',
  'key' => 'gid',
  'key_len' => '4',
  'ref' => NULL,
  'rows' => 6,
  'extra' => 'Using index',
) ]
[ warn ] SQL:SELECT `g`.`name`,`imgurl`,`g`.`state`,`startdate`,`g`.`type`,`sellerid`,`stock`,`enddate`,`shop_price`,`member_price`,`number`,`discount`,`cid`,c.name as cname,`start_money`,`deduction_money`,g.id as goodsid FROM `yw_cardcoupon_goods` `a` FORCE INDEX ( id )  INNER JOIN `yw_goods` `g` ON `a`.`gid`=`g`.`id` INNER JOIN `yw_goodscategory` `c` ON `g`.`cid`=`c`.`id` WHERE  `g`.`name` LIKE :where_AND_g_name  AND `cid` IN (:where_AND_cid_in_1,:where_AND_cid_in_2,:where_AND_cid_in_3,:where_AND_cid_in_4)  AND `g`.`state` IN (:where_AND_g_state_in_1,:where_AND_g_state_in_2) ORDER BY `a`.`id` DESC LIMIT 0,10  [Using filesort]
---------------------------------------------------------------
[2018-08-27T10:34:38+08:00] 171.88.164.212 POST abc.yongweisoft.cn/spec/list
[运行时间：0.254945s] [吞吐率：3.92req/s] [内存消耗：4,606.53kb] [文件加载：90]
[ info ] [ LANG ] /www/wwwroot/default/garbage.yw/server/thinkphp/lang/zh-cn.php
[ info ] [ ROUTE ] array (
  'rule' => 'spec/list',
  'route' => 'spec/spec/spec_list',
  'option' => 
  array (
    'merge_rule_regex' => false,
  ),
  'var' => 
  array (
  ),
)
[ info ] [ HEADER ] array (
  'host' => 'abc.yongweisoft.cn',
  'connection' => 'keep-alive',
  'content-length' => '0',
  'accept' => 'application/json, text/plain, */*',
  'origin' => 'https://abc.yongweisoft.cn',
  'user-agent' => 'Mozilla/5.0 (Windows NT 6.1; Win64; x64) AppleWebKit/537.36 (KHTML, like Gecko) Chrome/68.0.3440.106 Safari/537.36',
  'content-type' => 'application/x-www-form-urlencoded',
  'referer' => 'https://abc.yongweisoft.cn/web/',
  'accept-encoding' => 'gzip, deflate, br',
  'accept-language' => 'zh-CN,zh;q=0.9',
  'cookie' => 'PHPSESSID=veugjiu6pfkvjr0q8e76d084i3',
)
[ info ] [ PARAM ] array (
)
[ info ] [ DB ] INIT mysql
[ sql ] [ DB ] CONNECT:[ UseTime:0.000421s ] mysql:host=127.0.0.1;port=3306;dbname=spa;charset=utf8
[ sql ] [ SQL ] SHOW COLUMNS FROM `yw_spec` [ RunTime:0.000867s ]
[ sql ] [ SQL ] SELECT * FROM `yw_spec` ORDER BY `id` DESC [ RunTime:0.000433s ]
[ sql ] [ EXPLAIN : array (
  'id' => 1,
  'select_type' => 'SIMPLE',
  'table' => 'yw_spec',
  'type' => 'index',
  'possible_keys' => NULL,
  'key' => 'PRIMARY',
  'key_len' => '4',
  'ref' => NULL,
  'rows' => 4,
  'extra' => '',
) ]
[ sql ] [ SQL ] SELECT COUNT(*) AS tp_count FROM `yw_spec` LIMIT 1 [ RunTime:0.000277s ]
[ sql ] [ EXPLAIN : array (
  'id' => 1,
  'select_type' => 'SIMPLE',
  'table' => 'yw_spec',
  'type' => 'index',
  'possible_keys' => NULL,
  'key' => 'PRIMARY',
  'key_len' => '4',
  'ref' => NULL,
  'rows' => 4,
  'extra' => 'Using index',
) ]
---------------------------------------------------------------
[2018-08-27T10:34:39+08:00] 171.88.164.212 POST abc.yongweisoft.cn/catgory/list
[运行时间：0.345325s] [吞吐率：2.90req/s] [内存消耗：4,721.48kb] [文件加载：90]
[ info ] [ LANG ] /www/wwwroot/default/garbage.yw/server/thinkphp/lang/zh-cn.php
[ info ] [ ROUTE ] array (
  'rule' => 'catgory/list',
  'route' => 'goodscategory/Goodscategory/goodscategory_list',
  'option' => 
  array (
    'merge_rule_regex' => false,
  ),
  'var' => 
  array (
  ),
)
[ info ] [ HEADER ] array (
  'host' => 'abc.yongweisoft.cn',
  'connection' => 'keep-alive',
  'content-length' => '0',
  'accept' => 'application/json, text/plain, */*',
  'origin' => 'https://abc.yongweisoft.cn',
  'authorization' => 'Bearer eyJ0eXAiOiJKV1QiLCJhbGciOiJIUzI1NiJ9.eyJ1c2VySW5mbyI6ImhlbGxvIiwidGltZXMiOjAsImV4cCI6MTUzNTQyMzY3NSwiaXNzIjoieXcuY29tIiwibWVtYmVyaWQiOjF9.nY44HAprzkwTD-e9DR8jsfkufVqBz9ZI042hQL67JpA',
  'user-agent' => 'Mozilla/5.0 (Windows NT 6.1; Win64; x64) AppleWebKit/537.36 (KHTML, like Gecko) Chrome/68.0.3440.106 Safari/537.36',
  'content-type' => 'application/x-www-form-urlencoded',
  'referer' => 'https://abc.yongweisoft.cn/web/',
  'accept-encoding' => 'gzip, deflate, br',
  'accept-language' => 'zh-CN,zh;q=0.9',
  'cookie' => 'PHPSESSID=veugjiu6pfkvjr0q8e76d084i3',
)
[ info ] [ PARAM ] array (
)
[ info ] [ DB ] INIT mysql
[ sql ] [ DB ] CONNECT:[ UseTime:0.000461s ] mysql:host=127.0.0.1;port=3306;dbname=spa;charset=utf8
[ sql ] [ SQL ] SHOW COLUMNS FROM `yw_goodscategory` [ RunTime:0.000700s ]
[ sql ] [ SQL ] SELECT * FROM `yw_goodscategory` WHERE  `state` IN (1,2) [ RunTime:0.000364s ]
[ sql ] [ EXPLAIN : array (
  'id' => 1,
  'select_type' => 'SIMPLE',
  'table' => 'yw_goodscategory',
  'type' => 'ALL',
  'possible_keys' => NULL,
  'key' => NULL,
  'key_len' => NULL,
  'ref' => NULL,
  'rows' => 10,
  'extra' => 'Using where',
) ]
---------------------------------------------------------------
[2018-08-27T10:34:39+08:00] 171.88.164.212 POST abc.yongweisoft.cn/catgory/list
[运行时间：0.353880s] [吞吐率：2.83req/s] [内存消耗：4,723.82kb] [文件加载：90]
[ info ] [ LANG ] /www/wwwroot/default/garbage.yw/server/thinkphp/lang/zh-cn.php
[ info ] [ ROUTE ] array (
  'rule' => 'catgory/list',
  'route' => 'goodscategory/Goodscategory/goodscategory_list',
  'option' => 
  array (
    'merge_rule_regex' => false,
  ),
  'var' => 
  array (
  ),
)
[ info ] [ HEADER ] array (
  'host' => 'abc.yongweisoft.cn',
  'connection' => 'keep-alive',
  'content-length' => '110',
  'accept' => 'application/json, text/plain, */*',
  'origin' => 'https://abc.yongweisoft.cn',
  'authorization' => 'Bearer eyJ0eXAiOiJKV1QiLCJhbGciOiJIUzI1NiJ9.eyJ1c2VySW5mbyI6ImhlbGxvIiwidGltZXMiOjAsImV4cCI6MTUzNTQyMzY3NSwiaXNzIjoieXcuY29tIiwibWVtYmVyaWQiOjF9.nY44HAprzkwTD-e9DR8jsfkufVqBz9ZI042hQL67JpA',
  'user-agent' => 'Mozilla/5.0 (Windows NT 6.1; Win64; x64) AppleWebKit/537.36 (KHTML, like Gecko) Chrome/68.0.3440.106 Safari/537.36',
  'content-type' => 'application/json;charset=UTF-8',
  'referer' => 'https://abc.yongweisoft.cn/web/',
  'accept-encoding' => 'gzip, deflate, br',
  'accept-language' => 'zh-CN,zh;q=0.9',
  'cookie' => 'PHPSESSID=veugjiu6pfkvjr0q8e76d084i3',
)
[ info ] [ PARAM ] array (
  'proxy' => 
  array (
    'host' => 'https://abc.yongweisoft.cn',
  ),
  'headers' => 
  array (
    'Content-Type' => 'application/x-www-form-urlencoded',
  ),
)
[ info ] [ DB ] INIT mysql
[ sql ] [ DB ] CONNECT:[ UseTime:0.000408s ] mysql:host=127.0.0.1;port=3306;dbname=spa;charset=utf8
[ sql ] [ SQL ] SHOW COLUMNS FROM `yw_goodscategory` [ RunTime:0.000696s ]
[ sql ] [ SQL ] SELECT * FROM `yw_goodscategory` WHERE  `state` IN (1,2) [ RunTime:0.000296s ]
[ sql ] [ EXPLAIN : array (
  'id' => 1,
  'select_type' => 'SIMPLE',
  'table' => 'yw_goodscategory',
  'type' => 'ALL',
  'possible_keys' => NULL,
  'key' => NULL,
  'key_len' => NULL,
  'ref' => NULL,
  'rows' => 10,
  'extra' => 'Using where',
) ]
---------------------------------------------------------------
[2018-08-27T10:36:02+08:00] 171.88.164.212 POST abc.yongweisoft.cn/sellerinfo/list?version=v1&page=1&limit=10
[运行时间：0.089006s] [吞吐率：11.24req/s] [内存消耗：4,715.55kb] [文件加载：90]
[ info ] [ LANG ] /www/wwwroot/default/garbage.yw/server/thinkphp/lang/zh-cn.php
[ info ] [ ROUTE ] array (
  'rule' => 'sellerinfo/list',
  'route' => 'sellerinfo/Sellerinfo/Sellerinfo_list',
  'option' => 
  array (
    'merge_rule_regex' => false,
  ),
  'var' => 
  array (
  ),
)
[ info ] [ HEADER ] array (
  'host' => 'abc.yongweisoft.cn',
  'connection' => 'keep-alive',
  'content-length' => '0',
  'accept' => 'application/json, text/plain, */*',
  'origin' => 'https://abc.yongweisoft.cn',
  'authorization' => 'Bearer eyJ0eXAiOiJKV1QiLCJhbGciOiJIUzI1NiJ9.eyJ1c2VySW5mbyI6ImhlbGxvIiwidGltZXMiOjAsImV4cCI6MTUzNTQyMzY3NSwiaXNzIjoieXcuY29tIiwibWVtYmVyaWQiOjF9.nY44HAprzkwTD-e9DR8jsfkufVqBz9ZI042hQL67JpA',
  'user-agent' => 'Mozilla/5.0 (Windows NT 6.1; Win64; x64) AppleWebKit/537.36 (KHTML, like Gecko) Chrome/68.0.3440.106 Safari/537.36',
  'content-type' => 'application/x-www-form-urlencoded',
  'referer' => 'https://abc.yongweisoft.cn/web/',
  'accept-encoding' => 'gzip, deflate, br',
  'accept-language' => 'zh-CN,zh;q=0.9',
  'cookie' => 'PHPSESSID=veugjiu6pfkvjr0q8e76d084i3',
)
[ info ] [ PARAM ] array (
  'version' => 'v1',
  'page' => '1',
  'limit' => '10',
)
[ info ] [ DB ] INIT mysql
[ sql ] [ DB ] CONNECT:[ UseTime:0.000454s ] mysql:host=127.0.0.1;port=3306;dbname=spa;charset=utf8
[ sql ] [ SQL ] SHOW COLUMNS FROM `yw_sellerinfo` [ RunTime:0.001026s ]
[ sql ] [ SQL ] SELECT id,name,chargeman,phone,address,
            longitude,latitude,introduction,imgurl,state FROM `yw_sellerinfo` WHERE  `state` IN (1,2) LIMIT 0,10 [ RunTime:0.000534s ]
[ sql ] [ EXPLAIN : array (
  'id' => 1,
  'select_type' => 'SIMPLE',
  'table' => 'yw_sellerinfo',
  'type' => 'ALL',
  'possible_keys' => NULL,
  'key' => NULL,
  'key_len' => NULL,
  'ref' => NULL,
  'rows' => 3,
  'extra' => 'Using where',
) ]
[ sql ] [ SQL ] SELECT COUNT(*) AS tp_count FROM `yw_sellerinfo` WHERE  `state` IN (1,2) LIMIT 1 [ RunTime:0.000324s ]
[ sql ] [ EXPLAIN : array (
  'id' => 1,
  'select_type' => 'SIMPLE',
  'table' => 'yw_sellerinfo',
  'type' => 'ALL',
  'possible_keys' => NULL,
  'key' => NULL,
  'key_len' => NULL,
  'ref' => NULL,
  'rows' => 3,
  'extra' => 'Using where',
) ]
---------------------------------------------------------------
[2018-08-27T10:41:11+08:00] 171.88.164.212 POST abc.yongweisoft.cn/technician/list?version=v1&page=1&limit=10
[运行时间：0.147255s] [吞吐率：6.79req/s] [内存消耗：4,697.52kb] [文件加载：89]
[ info ] [ LANG ] /www/wwwroot/default/garbage.yw/server/thinkphp/lang/zh-cn.php
[ info ] [ ROUTE ] array (
  'rule' => 'technician/list',
  'route' => 'technician/technician/technician_list',
  'option' => 
  array (
    'merge_rule_regex' => false,
  ),
  'var' => 
  array (
  ),
)
[ info ] [ HEADER ] array (
  'host' => 'abc.yongweisoft.cn',
  'connection' => 'keep-alive',
  'content-length' => '16',
  'accept' => 'application/json, text/plain, */*',
  'origin' => 'https://abc.yongweisoft.cn',
  'authorization' => 'Bearer eyJ0eXAiOiJKV1QiLCJhbGciOiJIUzI1NiJ9.eyJ1c2VySW5mbyI6ImhlbGxvIiwidGltZXMiOjAsImV4cCI6MTUzNTQyMzY3NSwiaXNzIjoieXcuY29tIiwibWVtYmVyaWQiOjF9.nY44HAprzkwTD-e9DR8jsfkufVqBz9ZI042hQL67JpA',
  'user-agent' => 'Mozilla/5.0 (Windows NT 6.1; Win64; x64) AppleWebKit/537.36 (KHTML, like Gecko) Chrome/68.0.3440.106 Safari/537.36',
  'content-type' => 'application/x-www-form-urlencoded',
  'referer' => 'https://abc.yongweisoft.cn/web/',
  'accept-encoding' => 'gzip, deflate, br',
  'accept-language' => 'zh-CN,zh;q=0.9',
  'cookie' => 'PHPSESSID=veugjiu6pfkvjr0q8e76d084i3',
)
[ info ] [ PARAM ] array (
  'version' => 'v1',
  'page' => '1',
  'limit' => '10',
  'name' => '',
  'sellerid' => '1',
)
[ info ] [ DB ] INIT mysql
[ sql ] [ DB ] CONNECT:[ UseTime:0.000406s ] mysql:host=127.0.0.1;port=3306;dbname=spa;charset=utf8
[ sql ] [ SQL ] SHOW COLUMNS FROM `yw_technician` [ RunTime:0.001116s ]
[ sql ] [ SQL ] SELECT `t`.`name`,a.id as sellerid,`t`.`imgurl`,`t`.`synopsis`,`t`.`id`,`t`.`phone`,`t`.`point`,`t`.`sort`,`t`.`label_text`,`t`.`label_color`,`t`.`label_imgurl`,`t`.`star`,`sex`,`level`,`price`,`t`.`state`,`t`.`ordersum` FROM `yw_technician` `t` INNER JOIN `yw_technician_seller` `ts` ON `ts`.`tid`=`t`.`id` INNER JOIN `yw_sellerinfo` `a` ON `a`.`id`=`ts`.`sellerid` WHERE  `t`.`name` LIKE '%%'  AND `a`.`id` = '1'  AND `t`.`state` IN ('1','2','3') ORDER BY `t`.`id` LIMIT 0,10 [ RunTime:0.001182s ]
[ sql ] [ EXPLAIN : array (
  'id' => 1,
  'select_type' => 'SIMPLE',
  'table' => 'a',
  'type' => 'const',
  'possible_keys' => 'PRIMARY',
  'key' => 'PRIMARY',
  'key_len' => '4',
  'ref' => 'const',
  'rows' => 1,
  'extra' => 'Using index; Using temporary; Using filesort',
) ]
[ sql ] [ SQL ] SELECT COUNT(*) AS tp_count FROM `yw_technician` `t` INNER JOIN `yw_technician_seller` `ts` ON `ts`.`tid`=`t`.`id` INNER JOIN `yw_sellerinfo` `a` ON `a`.`id`=`ts`.`sellerid` WHERE  `t`.`name` LIKE '%%'  AND `a`.`id` = '1'  AND `t`.`state` IN ('1','2','3') LIMIT 1 [ RunTime:0.000566s ]
[ sql ] [ EXPLAIN : array (
  'id' => 1,
  'select_type' => 'SIMPLE',
  'table' => 'a',
  'type' => 'const',
  'possible_keys' => 'PRIMARY',
  'key' => 'PRIMARY',
  'key_len' => '4',
  'ref' => 'const',
  'rows' => 1,
  'extra' => 'Using index',
) ]
[ warn ] SQL:SELECT `t`.`name`,a.id as sellerid,`t`.`imgurl`,`t`.`synopsis`,`t`.`id`,`t`.`phone`,`t`.`point`,`t`.`sort`,`t`.`label_text`,`t`.`label_color`,`t`.`label_imgurl`,`t`.`star`,`sex`,`level`,`price`,`t`.`state`,`t`.`ordersum` FROM `yw_technician` `t` INNER JOIN `yw_technician_seller` `ts` ON `ts`.`tid`=`t`.`id` INNER JOIN `yw_sellerinfo` `a` ON `a`.`id`=`ts`.`sellerid` WHERE  `t`.`name` LIKE :where_AND_t_name  AND `a`.`id` = :where_AND_a_id  AND `t`.`state` IN (:where_AND_t_state_in_1,:where_AND_t_state_in_2,:where_AND_t_state_in_3) ORDER BY `t`.`id` LIMIT 0,10  [Using index; Using temporary; Using filesort]
---------------------------------------------------------------
[2018-08-27T10:41:11+08:00] 171.88.164.212 POST abc.yongweisoft.cn/sellerinfo/list?version=v1&page=1&limit=2
[运行时间：0.182051s] [吞吐率：5.49req/s] [内存消耗：4,715.59kb] [文件加载：90]
[ info ] [ LANG ] /www/wwwroot/default/garbage.yw/server/thinkphp/lang/zh-cn.php
[ info ] [ ROUTE ] array (
  'rule' => 'sellerinfo/list',
  'route' => 'sellerinfo/Sellerinfo/Sellerinfo_list',
  'option' => 
  array (
    'merge_rule_regex' => false,
  ),
  'var' => 
  array (
  ),
)
[ info ] [ HEADER ] array (
  'host' => 'abc.yongweisoft.cn',
  'connection' => 'keep-alive',
  'content-length' => '0',
  'accept' => 'application/json, text/plain, */*',
  'origin' => 'https://abc.yongweisoft.cn',
  'authorization' => 'Bearer eyJ0eXAiOiJKV1QiLCJhbGciOiJIUzI1NiJ9.eyJ1c2VySW5mbyI6ImhlbGxvIiwidGltZXMiOjAsImV4cCI6MTUzNTQyMzY3NSwiaXNzIjoieXcuY29tIiwibWVtYmVyaWQiOjF9.nY44HAprzkwTD-e9DR8jsfkufVqBz9ZI042hQL67JpA',
  'user-agent' => 'Mozilla/5.0 (Windows NT 6.1; Win64; x64) AppleWebKit/537.36 (KHTML, like Gecko) Chrome/68.0.3440.106 Safari/537.36',
  'content-type' => 'application/x-www-form-urlencoded',
  'referer' => 'https://abc.yongweisoft.cn/web/',
  'accept-encoding' => 'gzip, deflate, br',
  'accept-language' => 'zh-CN,zh;q=0.9',
  'cookie' => 'PHPSESSID=veugjiu6pfkvjr0q8e76d084i3',
)
[ info ] [ PARAM ] array (
  'version' => 'v1',
  'page' => '1',
  'limit' => '2',
)
[ info ] [ DB ] INIT mysql
[ sql ] [ DB ] CONNECT:[ UseTime:0.000372s ] mysql:host=127.0.0.1;port=3306;dbname=spa;charset=utf8
[ sql ] [ SQL ] SHOW COLUMNS FROM `yw_sellerinfo` [ RunTime:0.000868s ]
[ sql ] [ SQL ] SELECT id,name,chargeman,phone,address,
            longitude,latitude,introduction,imgurl,state FROM `yw_sellerinfo` WHERE  `state` IN (1,2) LIMIT 0,2 [ RunTime:0.000373s ]
[ sql ] [ EXPLAIN : array (
  'id' => 1,
  'select_type' => 'SIMPLE',
  'table' => 'yw_sellerinfo',
  'type' => 'ALL',
  'possible_keys' => NULL,
  'key' => NULL,
  'key_len' => NULL,
  'ref' => NULL,
  'rows' => 3,
  'extra' => 'Using where',
) ]
[ sql ] [ SQL ] SELECT COUNT(*) AS tp_count FROM `yw_sellerinfo` WHERE  `state` IN (1,2) LIMIT 1 [ RunTime:0.000273s ]
[ sql ] [ EXPLAIN : array (
  'id' => 1,
  'select_type' => 'SIMPLE',
  'table' => 'yw_sellerinfo',
  'type' => 'ALL',
  'possible_keys' => NULL,
  'key' => NULL,
  'key_len' => NULL,
  'ref' => NULL,
  'rows' => 3,
  'extra' => 'Using where',
) ]
---------------------------------------------------------------
[2018-08-27T15:23:19+08:00] 60.191.38.78 GET 119.29.217.103:443/
[运行时间：0.027635s] [吞吐率：36.19req/s] [内存消耗：2,793.67kb] [文件加载：74]
[ info ] [ LANG ] /www/wwwroot/default/garbage.yw/server/thinkphp/lang/zh-cn.php
[ info ] [ ROUTE ] array (
)
[ info ] [ HEADER ] array (
  'host' => '119.29.217.103:443',
  'user-agent' => 'Mozilla/5.0 (Macintosh; Intel Mac OS X 10.11; rv:47.0) Gecko/20100101 Firefox/47.0',
  'accept' => '*/*',
  'connection' => 'keep-alive',
  'content-type' => '',
  'content-length' => '',
)
[ info ] [ PARAM ] array (
)
---------------------------------------------------------------
[2018-08-27T15:29:22+08:00] 171.88.164.212 POST abc.yongweisoft.cn/sellerinfo/list?version=v1&page=1&limit=10
[运行时间：0.063572s] [吞吐率：15.73req/s] [内存消耗：4,717.18kb] [文件加载：90]
[ info ] [ LANG ] /www/wwwroot/default/garbage.yw/server/thinkphp/lang/zh-cn.php
[ info ] [ ROUTE ] array (
  'rule' => 'sellerinfo/list',
  'route' => 'sellerinfo/Sellerinfo/Sellerinfo_list',
  'option' => 
  array (
    'merge_rule_regex' => false,
  ),
  'var' => 
  array (
  ),
)
[ info ] [ HEADER ] array (
  'host' => 'abc.yongweisoft.cn',
  'connection' => 'keep-alive',
  'content-length' => '0',
  'pragma' => 'no-cache',
  'cache-control' => 'no-cache',
  'accept' => 'application/json, text/plain, */*',
  'origin' => 'https://abc.yongweisoft.cn',
  'authorization' => 'Bearer eyJ0eXAiOiJKV1QiLCJhbGciOiJIUzI1NiJ9.eyJ1c2VySW5mbyI6ImhlbGxvIiwidGltZXMiOjAsImV4cCI6MTUzNTQzODE0MywiaXNzIjoieXcuY29tIiwibWVtYmVyaWQiOjF9.ojhAAae7qur9ZqSTIaRSgvea0ArarvVB0zR3cQh1KGw',
  'user-agent' => 'Mozilla/5.0 (Windows NT 6.1; Win64; x64) AppleWebKit/537.36 (KHTML, like Gecko) Chrome/68.0.3440.106 Safari/537.36',
  'content-type' => 'application/x-www-form-urlencoded',
  'referer' => 'https://abc.yongweisoft.cn/web/',
  'accept-encoding' => 'gzip, deflate, br',
  'accept-language' => 'zh-CN,zh;q=0.9',
  'cookie' => 'PHPSESSID=c4vkvthio0qihhj4aci1e1oq50; Hm_lvt_dde6ba2851f3db0ddc415ce0f895822e=1534899690,1535002375,1535073627,1535351624; Hm_lpvt_dde6ba2851f3db0ddc415ce0f895822e=1535351624',
)
[ info ] [ PARAM ] array (
  'version' => 'v1',
  'page' => '1',
  'limit' => '10',
)
[ info ] [ DB ] INIT mysql
[ sql ] [ DB ] CONNECT:[ UseTime:0.000437s ] mysql:host=127.0.0.1;port=3306;dbname=spa;charset=utf8
[ sql ] [ SQL ] SHOW COLUMNS FROM `yw_sellerinfo` [ RunTime:0.000933s ]
[ sql ] [ SQL ] SELECT id,name,chargeman,phone,address,
            longitude,latitude,introduction,imgurl,state FROM `yw_sellerinfo` WHERE  `state` IN (1,2) LIMIT 0,10 [ RunTime:0.000396s ]
[ sql ] [ EXPLAIN : array (
  'id' => 1,
  'select_type' => 'SIMPLE',
  'table' => 'yw_sellerinfo',
  'type' => 'ALL',
  'possible_keys' => NULL,
  'key' => NULL,
  'key_len' => NULL,
  'ref' => NULL,
  'rows' => 3,
  'extra' => 'Using where',
) ]
[ sql ] [ SQL ] SELECT COUNT(*) AS tp_count FROM `yw_sellerinfo` WHERE  `state` IN (1,2) LIMIT 1 [ RunTime:0.000296s ]
[ sql ] [ EXPLAIN : array (
  'id' => 1,
  'select_type' => 'SIMPLE',
  'table' => 'yw_sellerinfo',
  'type' => 'ALL',
  'possible_keys' => NULL,
  'key' => NULL,
  'key_len' => NULL,
  'ref' => NULL,
  'rows' => 3,
  'extra' => 'Using where',
) ]
---------------------------------------------------------------
[2018-08-27T15:29:22+08:00] 171.88.164.212 POST abc.yongweisoft.cn/sellerinfo/list?version=v1&page=1&limit=2
[运行时间：0.096516s] [吞吐率：10.36req/s] [内存消耗：4,717.15kb] [文件加载：90]
[ info ] [ LANG ] /www/wwwroot/default/garbage.yw/server/thinkphp/lang/zh-cn.php
[ info ] [ ROUTE ] array (
  'rule' => 'sellerinfo/list',
  'route' => 'sellerinfo/Sellerinfo/Sellerinfo_list',
  'option' => 
  array (
    'merge_rule_regex' => false,
  ),
  'var' => 
  array (
  ),
)
[ info ] [ HEADER ] array (
  'host' => 'abc.yongweisoft.cn',
  'connection' => 'keep-alive',
  'content-length' => '0',
  'pragma' => 'no-cache',
  'cache-control' => 'no-cache',
  'accept' => 'application/json, text/plain, */*',
  'origin' => 'https://abc.yongweisoft.cn',
  'authorization' => 'Bearer eyJ0eXAiOiJKV1QiLCJhbGciOiJIUzI1NiJ9.eyJ1c2VySW5mbyI6ImhlbGxvIiwidGltZXMiOjAsImV4cCI6MTUzNTQzODE0MywiaXNzIjoieXcuY29tIiwibWVtYmVyaWQiOjF9.ojhAAae7qur9ZqSTIaRSgvea0ArarvVB0zR3cQh1KGw',
  'user-agent' => 'Mozilla/5.0 (Windows NT 6.1; Win64; x64) AppleWebKit/537.36 (KHTML, like Gecko) Chrome/68.0.3440.106 Safari/537.36',
  'content-type' => 'application/x-www-form-urlencoded',
  'referer' => 'https://abc.yongweisoft.cn/web/',
  'accept-encoding' => 'gzip, deflate, br',
  'accept-language' => 'zh-CN,zh;q=0.9',
  'cookie' => 'PHPSESSID=c4vkvthio0qihhj4aci1e1oq50; Hm_lvt_dde6ba2851f3db0ddc415ce0f895822e=1534899690,1535002375,1535073627,1535351624; Hm_lpvt_dde6ba2851f3db0ddc415ce0f895822e=1535351624',
)
[ info ] [ PARAM ] array (
  'version' => 'v1',
  'page' => '1',
  'limit' => '2',
)
[ info ] [ DB ] INIT mysql
[ sql ] [ DB ] CONNECT:[ UseTime:0.000380s ] mysql:host=127.0.0.1;port=3306;dbname=spa;charset=utf8
[ sql ] [ SQL ] SHOW COLUMNS FROM `yw_sellerinfo` [ RunTime:0.000846s ]
[ sql ] [ SQL ] SELECT id,name,chargeman,phone,address,
            longitude,latitude,introduction,imgurl,state FROM `yw_sellerinfo` WHERE  `state` IN (1,2) LIMIT 0,2 [ RunTime:0.000441s ]
[ sql ] [ EXPLAIN : array (
  'id' => 1,
  'select_type' => 'SIMPLE',
  'table' => 'yw_sellerinfo',
  'type' => 'ALL',
  'possible_keys' => NULL,
  'key' => NULL,
  'key_len' => NULL,
  'ref' => NULL,
  'rows' => 3,
  'extra' => 'Using where',
) ]
[ sql ] [ SQL ] SELECT COUNT(*) AS tp_count FROM `yw_sellerinfo` WHERE  `state` IN (1,2) LIMIT 1 [ RunTime:0.000267s ]
[ sql ] [ EXPLAIN : array (
  'id' => 1,
  'select_type' => 'SIMPLE',
  'table' => 'yw_sellerinfo',
  'type' => 'ALL',
  'possible_keys' => NULL,
  'key' => NULL,
  'key_len' => NULL,
  'ref' => NULL,
  'rows' => 3,
  'extra' => 'Using where',
) ]
---------------------------------------------------------------
[2018-08-27T15:36:42+08:00] 110.184.75.170 GET abc.yongweisoft.cn/download/Hi%E5%88%86.apk
[运行时间：0.041816s] [吞吐率：23.91req/s] [内存消耗：2,795.70kb] [文件加载：74]
[ info ] [ LANG ] /www/wwwroot/default/garbage.yw/server/thinkphp/lang/zh-cn.php
[ info ] [ ROUTE ] array (
)
[ info ] [ HEADER ] array (
  'host' => 'abc.yongweisoft.cn',
  'accept' => 'text/html,application/xhtml+xml,application/xml;q=0.9,*/*;q=0.8',
  'accept-language' => 'zh-cn',
  'connection' => 'keep-alive',
  'accept-encoding' => 'br, gzip, deflate',
  'user-agent' => 'Mozilla/5.0 (iPhone; CPU iPhone OS 11_4_1 like Mac OS X) AppleWebKit/605.1.15 (KHTML, like Gecko) Mobile/15G77 MicroMessenger/6.7.2 NetType/4G Language/zh_CN',
  'content-type' => '',
  'content-length' => '',
)
[ info ] [ PARAM ] array (
)
---------------------------------------------------------------
[2018-08-27T16:39:43+08:00] 42.236.10.75 POST abc.yongweisoft.cn/sellerinfo/list?version=v1&page=1&limit=2
[运行时间：0.096072s] [吞吐率：10.41req/s] [内存消耗：4,714.50kb] [文件加载：90]
[ info ] [ LANG ] /www/wwwroot/default/garbage.yw/server/thinkphp/lang/zh-cn.php
[ info ] [ ROUTE ] array (
  'rule' => 'sellerinfo/list',
  'route' => 'sellerinfo/Sellerinfo/Sellerinfo_list',
  'option' => 
  array (
    'merge_rule_regex' => false,
  ),
  'var' => 
  array (
  ),
)
[ info ] [ HEADER ] array (
  'host' => 'abc.yongweisoft.cn',
  'connection' => 'keep-alive',
  'content-length' => '0',
  'accept' => 'application/json, text/plain, */*',
  'origin' => 'https://abc.yongweisoft.cn',
  'authorization' => 'Bearer null',
  'user-agent' => 'Mozilla/5.0 (Windows NT 6.1) AppleWebKit/537.36 (KHTML, like Gecko) Chrome/36.0.1985.125 Safari/537.36',
  'content-type' => 'application/x-www-form-urlencoded',
  'referer' => 'https://abc.yongweisoft.cn/web/',
  'accept-encoding' => 'gzip, deflate',
)
[ info ] [ PARAM ] array (
  'version' => 'v1',
  'page' => '1',
  'limit' => '2',
)
[ info ] [ DB ] INIT mysql
[ sql ] [ DB ] CONNECT:[ UseTime:0.002108s ] mysql:host=127.0.0.1;port=3306;dbname=spa;charset=utf8
[ sql ] [ SQL ] SHOW COLUMNS FROM `yw_sellerinfo` [ RunTime:0.000718s ]
[ sql ] [ SQL ] SELECT id,name,chargeman,phone,address,
            longitude,latitude,introduction,imgurl,state FROM `yw_sellerinfo` WHERE  `state` IN (1,2) LIMIT 0,2 [ RunTime:0.003129s ]
[ sql ] [ EXPLAIN : array (
  'id' => 1,
  'select_type' => 'SIMPLE',
  'table' => 'yw_sellerinfo',
  'type' => 'ALL',
  'possible_keys' => NULL,
  'key' => NULL,
  'key_len' => NULL,
  'ref' => NULL,
  'rows' => 3,
  'extra' => 'Using where',
) ]
[ sql ] [ SQL ] SELECT COUNT(*) AS tp_count FROM `yw_sellerinfo` WHERE  `state` IN (1,2) LIMIT 1 [ RunTime:0.000249s ]
[ sql ] [ EXPLAIN : array (
  'id' => 1,
  'select_type' => 'SIMPLE',
  'table' => 'yw_sellerinfo',
  'type' => 'ALL',
  'possible_keys' => NULL,
  'key' => NULL,
  'key_len' => NULL,
  'ref' => NULL,
  'rows' => 3,
  'extra' => 'Using where',
) ]
---------------------------------------------------------------
[2018-08-27T17:09:41+08:00] 42.236.10.124 GET abc.yongweisoft.cn/
[运行时间：0.065832s] [吞吐率：15.19req/s] [内存消耗：2,795.14kb] [文件加载：74]
[ info ] [ LANG ] /www/wwwroot/default/garbage.yw/server/thinkphp/lang/zh-cn.php
[ info ] [ ROUTE ] array (
)
[ info ] [ HEADER ] array (
  'host' => 'abc.yongweisoft.cn',
  'connection' => 'keep-alive',
  'upgrade-insecure-requests' => '1',
  'user-agent' => 'Mozilla/5.0 (Windows NT 6.1) AppleWebKit/537.36 (KHTML, like Gecko) Chrome/36.0.1985.125 Safari/537.36',
  'accept' => 'text/html,application/xhtml+xml,application/xml;q=0.9,image/webp,image/apng,*/*;q=0.8',
  'accept-encoding' => 'gzip, deflate',
  'content-type' => '',
  'content-length' => '',
)
[ info ] [ PARAM ] array (
)
---------------------------------------------------------------
[2018-08-27T17:09:46+08:00] 180.163.220.46 GET abc.yongweisoft.cn/
[运行时间：0.025559s] [吞吐率：39.12req/s] [内存消耗：2,794.74kb] [文件加载：74]
[ info ] [ LANG ] /www/wwwroot/default/garbage.yw/server/thinkphp/lang/zh-cn.php
[ info ] [ ROUTE ] array (
)
[ info ] [ HEADER ] array (
  'accept' => 'text/html,application/xhtml+xml,application/xml;q=0.9,*/*;q=0.8',
  'user-agent' => 'Mozilla/5.0 (Windows NT 6.1; WOW64) AppleWebKit/537.36 (KHTML, like Gecko) Chrome/50.0.2661.102 Safari/537.36',
  'connection' => 'Keep-Alive',
  'accept-encoding' => 'gzip, deflate',
  'accept-language' => 'en,*',
  'host' => 'abc.yongweisoft.cn',
  'content-type' => '',
  'content-length' => '',
)
[ info ] [ PARAM ] array (
)
