---------------------------------------------------------------
[2018-09-11T00:01:01+08:00] 184.105.247.195 GET 119.29.217.103/
[运行时间：0.040088s] [吞吐率：24.95req/s] [内存消耗：2,792.48kb] [文件加载：74]
[ info ] [ LANG ] /www/wwwroot/default/garbage.yw/server/thinkphp/lang/zh-cn.php
[ info ] [ ROUTE ] array (
)
[ info ] [ HEADER ] array (
  'host' => '119.29.217.103',
  'content-type' => '',
  'content-length' => '',
)
[ info ] [ PARAM ] array (
)
---------------------------------------------------------------
[2018-09-11T00:04:23+08:00] 184.105.247.195 GET 119.29.217.103/
[运行时间：0.027388s] [吞吐率：36.51req/s] [内存消耗：2,792.48kb] [文件加载：74]
[ info ] [ LANG ] /www/wwwroot/default/garbage.yw/server/thinkphp/lang/zh-cn.php
[ info ] [ ROUTE ] array (
)
[ info ] [ HEADER ] array (
  'host' => '119.29.217.103',
  'content-type' => '',
  'content-length' => '',
)
[ info ] [ PARAM ] array (
)
---------------------------------------------------------------
[2018-09-11T00:51:24+08:00] 183.60.210.52 GET 119.29.217.103/
[运行时间：0.025707s] [吞吐率：38.90req/s] [内存消耗：2,794.23kb] [文件加载：74]
[ info ] [ LANG ] /www/wwwroot/default/garbage.yw/server/thinkphp/lang/zh-cn.php
[ info ] [ ROUTE ] array (
)
[ info ] [ HEADER ] array (
  'connection' => 'Keep-Alive',
  'accept' => '*/*',
  'accept-language' => 'zh-cn',
  'referer' => 'https://119.29.217.103',
  'user-agent' => 'Mozilla/4.0 (compatible; MSIE 9.0; Windows NT 6.1)',
  'host' => '119.29.217.103',
  'content-type' => '',
  'content-length' => '',
)
[ info ] [ PARAM ] array (
)
---------------------------------------------------------------
[2018-09-11T00:51:25+08:00] 183.60.210.52 GET 119.29.217.103/
[运行时间：0.033197s] [吞吐率：30.12req/s] [内存消耗：2,794.23kb] [文件加载：74]
[ info ] [ LANG ] /www/wwwroot/default/garbage.yw/server/thinkphp/lang/zh-cn.php
[ info ] [ ROUTE ] array (
)
[ info ] [ HEADER ] array (
  'connection' => 'Keep-Alive',
  'accept' => '*/*',
  'accept-language' => 'zh-cn',
  'referer' => 'https://119.29.217.103',
  'user-agent' => 'Mozilla/4.0 (compatible; MSIE 9.0; Windows NT 6.1)',
  'host' => '119.29.217.103',
  'content-type' => '',
  'content-length' => '',
)
[ info ] [ PARAM ] array (
)
---------------------------------------------------------------
[2018-09-11T05:39:30+08:00] 183.60.210.46 GET 119.29.217.103/
[运行时间：0.130976s] [吞吐率：7.63req/s] [内存消耗：2,794.23kb] [文件加载：74]
[ info ] [ LANG ] /www/wwwroot/default/garbage.yw/server/thinkphp/lang/zh-cn.php
[ info ] [ ROUTE ] array (
)
[ info ] [ HEADER ] array (
  'connection' => 'Keep-Alive',
  'accept' => '*/*',
  'accept-language' => 'zh-cn',
  'referer' => 'https://119.29.217.103',
  'user-agent' => 'Mozilla/4.0 (compatible; MSIE 9.0; Windows NT 6.1)',
  'host' => '119.29.217.103',
  'content-type' => '',
  'content-length' => '',
)
[ info ] [ PARAM ] array (
)
---------------------------------------------------------------
[2018-09-11T09:54:11+08:00] 221.237.115.105 POST abc.yongweisoft.cn/sellerinfo/list?version=v1&page=1&limit=2
[运行时间：0.086198s] [吞吐率：11.60req/s] [内存消耗：4,716.26kb] [文件加载：90]
[ info ] [ LANG ] /www/wwwroot/default/garbage.yw/server/thinkphp/lang/zh-cn.php
[ info ] [ ROUTE ] array (
  'rule' => 'sellerinfo/list',
  'route' => 'sellerinfo/Sellerinfo/Sellerinfo_list',
  'option' => 
  array (
    'merge_rule_regex' => false,
  ),
  'var' => 
  array (
  ),
)
[ info ] [ HEADER ] array (
  'host' => 'abc.yongweisoft.cn',
  'connection' => 'keep-alive',
  'content-length' => '0',
  'accept' => 'application/json, text/plain, */*',
  'origin' => 'https://abc.yongweisoft.cn',
  'authorization' => 'Bearer eyJ0eXAiOiJKV1QiLCJhbGciOiJIUzI1NiJ9.eyJ1c2VySW5mbyI6ImhlbGxvIiwidGltZXMiOjAsImV4cCI6MTUzNjcxNzI0NiwiaXNzIjoieXcuY29tIiwibWVtYmVyaWQiOjF9.67UX3el8ld13DwNOm-HHqDU-14qFtX5iStOpZvNNfUA',
  'user-agent' => 'Mozilla/5.0 (Windows NT 6.1; Win64; x64) AppleWebKit/537.36 (KHTML, like Gecko) Chrome/69.0.3497.81 Safari/537.36',
  'content-type' => 'application/x-www-form-urlencoded',
  'referer' => 'https://abc.yongweisoft.cn/web/',
  'accept-encoding' => 'gzip, deflate, br',
  'accept-language' => 'zh-CN,zh;q=0.9',
  'cookie' => 'PHPSESSID=uev9v4oidm3jc3b0ogou96k2o1; Hm_lvt_dde6ba2851f3db0ddc415ce0f895822e=1536630837; Hm_lpvt_dde6ba2851f3db0ddc415ce0f895822e=1536630837',
)
[ info ] [ PARAM ] array (
  'version' => 'v1',
  'page' => '1',
  'limit' => '2',
)
[ info ] [ DB ] INIT mysql
[ sql ] [ DB ] CONNECT:[ UseTime:0.000348s ] mysql:host=127.0.0.1;port=3306;dbname=spa;charset=utf8
[ sql ] [ SQL ] SHOW COLUMNS FROM `yw_sellerinfo` [ RunTime:0.000889s ]
[ sql ] [ SQL ] SELECT id,name,chargeman,phone,address,
            longitude,latitude,introduction,imgurl,state FROM `yw_sellerinfo` WHERE  `state` IN (1,2) LIMIT 0,2 [ RunTime:0.000387s ]
[ sql ] [ EXPLAIN : array (
  'id' => 1,
  'select_type' => 'SIMPLE',
  'table' => 'yw_sellerinfo',
  'type' => 'ALL',
  'possible_keys' => NULL,
  'key' => NULL,
  'key_len' => NULL,
  'ref' => NULL,
  'rows' => 3,
  'extra' => 'Using where',
) ]
[ sql ] [ SQL ] SELECT COUNT(*) AS tp_count FROM `yw_sellerinfo` WHERE  `state` IN (1,2) LIMIT 1 [ RunTime:0.000407s ]
[ sql ] [ EXPLAIN : array (
  'id' => 1,
  'select_type' => 'SIMPLE',
  'table' => 'yw_sellerinfo',
  'type' => 'ALL',
  'possible_keys' => NULL,
  'key' => NULL,
  'key_len' => NULL,
  'ref' => NULL,
  'rows' => 3,
  'extra' => 'Using where',
) ]
---------------------------------------------------------------
[2018-09-11T09:54:11+08:00] 221.237.115.105 POST abc.yongweisoft.cn/technician/list?version=v1&page=1&limit=10
[运行时间：0.331088s] [吞吐率：3.02req/s] [内存消耗：4,697.86kb] [文件加载：89]
[ info ] [ LANG ] /www/wwwroot/default/garbage.yw/server/thinkphp/lang/zh-cn.php
[ info ] [ ROUTE ] array (
  'rule' => 'technician/list',
  'route' => 'technician/technician/technician_list',
  'option' => 
  array (
    'merge_rule_regex' => false,
  ),
  'var' => 
  array (
  ),
)
[ info ] [ HEADER ] array (
  'host' => 'abc.yongweisoft.cn',
  'connection' => 'keep-alive',
  'content-length' => '16',
  'accept' => 'application/json, text/plain, */*',
  'origin' => 'https://abc.yongweisoft.cn',
  'authorization' => 'Bearer eyJ0eXAiOiJKV1QiLCJhbGciOiJIUzI1NiJ9.eyJ1c2VySW5mbyI6ImhlbGxvIiwidGltZXMiOjAsImV4cCI6MTUzNjcxNzI0NiwiaXNzIjoieXcuY29tIiwibWVtYmVyaWQiOjF9.67UX3el8ld13DwNOm-HHqDU-14qFtX5iStOpZvNNfUA',
  'user-agent' => 'Mozilla/5.0 (Windows NT 6.1; Win64; x64) AppleWebKit/537.36 (KHTML, like Gecko) Chrome/69.0.3497.81 Safari/537.36',
  'content-type' => 'application/x-www-form-urlencoded',
  'referer' => 'https://abc.yongweisoft.cn/web/',
  'accept-encoding' => 'gzip, deflate, br',
  'accept-language' => 'zh-CN,zh;q=0.9',
  'cookie' => 'PHPSESSID=uev9v4oidm3jc3b0ogou96k2o1; Hm_lvt_dde6ba2851f3db0ddc415ce0f895822e=1536630837; Hm_lpvt_dde6ba2851f3db0ddc415ce0f895822e=1536630837',
)
[ info ] [ PARAM ] array (
  'version' => 'v1',
  'page' => '1',
  'limit' => '10',
  'name' => '',
  'sellerid' => '1',
)
[ info ] [ DB ] INIT mysql
[ sql ] [ DB ] CONNECT:[ UseTime:0.000410s ] mysql:host=127.0.0.1;port=3306;dbname=spa;charset=utf8
[ sql ] [ SQL ] SHOW COLUMNS FROM `yw_technician` [ RunTime:0.000971s ]
[ sql ] [ SQL ] SELECT `t`.`name`,a.id as sellerid,`t`.`imgurl`,`t`.`synopsis`,`t`.`id`,`t`.`phone`,`t`.`point`,`t`.`sort`,`t`.`label_text`,`t`.`label_color`,`t`.`label_imgurl`,`t`.`star`,`sex`,`level`,`price`,`t`.`state`,`t`.`ordersum` FROM `yw_technician` `t` INNER JOIN `yw_technician_seller` `ts` ON `ts`.`tid`=`t`.`id` INNER JOIN `yw_sellerinfo` `a` ON `a`.`id`=`ts`.`sellerid` WHERE  `t`.`name` LIKE '%%'  AND `a`.`id` = '1'  AND `t`.`state` IN ('1','2','3') ORDER BY `t`.`id` LIMIT 0,10 [ RunTime:0.101910s ]
[ sql ] [ EXPLAIN : array (
  'id' => 1,
  'select_type' => 'SIMPLE',
  'table' => 'a',
  'type' => 'const',
  'possible_keys' => 'PRIMARY',
  'key' => 'PRIMARY',
  'key_len' => '4',
  'ref' => 'const',
  'rows' => 1,
  'extra' => 'Using index; Using temporary; Using filesort',
) ]
[ sql ] [ SQL ] SELECT COUNT(*) AS tp_count FROM `yw_technician` `t` INNER JOIN `yw_technician_seller` `ts` ON `ts`.`tid`=`t`.`id` INNER JOIN `yw_sellerinfo` `a` ON `a`.`id`=`ts`.`sellerid` WHERE  `t`.`name` LIKE '%%'  AND `a`.`id` = '1'  AND `t`.`state` IN ('1','2','3') LIMIT 1 [ RunTime:0.000459s ]
[ sql ] [ EXPLAIN : array (
  'id' => 1,
  'select_type' => 'SIMPLE',
  'table' => 'a',
  'type' => 'const',
  'possible_keys' => 'PRIMARY',
  'key' => 'PRIMARY',
  'key_len' => '4',
  'ref' => 'const',
  'rows' => 1,
  'extra' => 'Using index',
) ]
[ warn ] SQL:SELECT `t`.`name`,a.id as sellerid,`t`.`imgurl`,`t`.`synopsis`,`t`.`id`,`t`.`phone`,`t`.`point`,`t`.`sort`,`t`.`label_text`,`t`.`label_color`,`t`.`label_imgurl`,`t`.`star`,`sex`,`level`,`price`,`t`.`state`,`t`.`ordersum` FROM `yw_technician` `t` INNER JOIN `yw_technician_seller` `ts` ON `ts`.`tid`=`t`.`id` INNER JOIN `yw_sellerinfo` `a` ON `a`.`id`=`ts`.`sellerid` WHERE  `t`.`name` LIKE :where_AND_t_name  AND `a`.`id` = :where_AND_a_id  AND `t`.`state` IN (:where_AND_t_state_in_1,:where_AND_t_state_in_2,:where_AND_t_state_in_3) ORDER BY `t`.`id` LIMIT 0,10  [Using index; Using temporary; Using filesort]
---------------------------------------------------------------
[2018-09-11T09:54:13+08:00] 221.237.115.105 POST abc.yongweisoft.cn/goods/namebycid
[运行时间：0.150669s] [吞吐率：6.64req/s] [内存消耗：4,838.59kb] [文件加载：92]
[ info ] [ LANG ] /www/wwwroot/default/garbage.yw/server/thinkphp/lang/zh-cn.php
[ info ] [ ROUTE ] array (
  'rule' => 'goods/namebycid',
  'route' => 'goods/Goods/getGoodsInfoByCid',
  'option' => 
  array (
    'merge_rule_regex' => false,
  ),
  'var' => 
  array (
  ),
)
[ info ] [ HEADER ] array (
  'host' => 'abc.yongweisoft.cn',
  'connection' => 'keep-alive',
  'content-length' => '7',
  'accept' => 'application/json, text/plain, */*',
  'origin' => 'https://abc.yongweisoft.cn',
  'authorization' => 'Bearer eyJ0eXAiOiJKV1QiLCJhbGciOiJIUzI1NiJ9.eyJ1c2VySW5mbyI6ImhlbGxvIiwidGltZXMiOjAsImV4cCI6MTUzNjcxNzI0NiwiaXNzIjoieXcuY29tIiwibWVtYmVyaWQiOjF9.67UX3el8ld13DwNOm-HHqDU-14qFtX5iStOpZvNNfUA',
  'user-agent' => 'Mozilla/5.0 (Windows NT 6.1; Win64; x64) AppleWebKit/537.36 (KHTML, like Gecko) Chrome/69.0.3497.81 Safari/537.36',
  'content-type' => 'application/x-www-form-urlencoded',
  'referer' => 'https://abc.yongweisoft.cn/web/',
  'accept-encoding' => 'gzip, deflate, br',
  'accept-language' => 'zh-CN,zh;q=0.9',
  'cookie' => 'PHPSESSID=uev9v4oidm3jc3b0ogou96k2o1; Hm_lvt_dde6ba2851f3db0ddc415ce0f895822e=1536630837; Hm_lpvt_dde6ba2851f3db0ddc415ce0f895822e=1536630837',
)
[ info ] [ PARAM ] array (
  'level' => '2',
)
[ info ] [ DB ] INIT mysql
[ sql ] [ DB ] CONNECT:[ UseTime:0.000441s ] mysql:host=127.0.0.1;port=3306;dbname=spa;charset=utf8
[ sql ] [ SQL ] SHOW COLUMNS FROM `yw_goodscategory` [ RunTime:0.001068s ]
[ sql ] [ SQL ] SELECT * FROM `yw_goodscategory` WHERE  `state` = 1 [ RunTime:0.000488s ]
[ sql ] [ EXPLAIN : array (
  'id' => 1,
  'select_type' => 'SIMPLE',
  'table' => 'yw_goodscategory',
  'type' => 'ALL',
  'possible_keys' => NULL,
  'key' => NULL,
  'key_len' => NULL,
  'ref' => NULL,
  'rows' => 10,
  'extra' => 'Using where',
) ]
[ sql ] [ SQL ] SHOW COLUMNS FROM `yw_goods` [ RunTime:0.000989s ]
[ sql ] [ SQL ] SELECT `id`,`name` FROM `yw_goods` WHERE  `state` = 1  AND `cid` IN (5,6) [ RunTime:0.000426s ]
[ sql ] [ EXPLAIN : array (
  'id' => 1,
  'select_type' => 'SIMPLE',
  'table' => 'yw_goods',
  'type' => 'ALL',
  'possible_keys' => 'cidindex',
  'key' => NULL,
  'key_len' => NULL,
  'ref' => NULL,
  'rows' => 59,
  'extra' => 'Using where',
) ]
[ sql ] [ SQL ] SELECT COUNT(*) AS tp_count FROM `yw_goods` WHERE  `state` = 1  AND `cid` IN (5,6) LIMIT 1 [ RunTime:0.000453s ]
[ sql ] [ EXPLAIN : array (
  'id' => 1,
  'select_type' => 'SIMPLE',
  'table' => 'yw_goods',
  'type' => 'range',
  'possible_keys' => 'cidindex',
  'key' => 'cidindex',
  'key_len' => '4',
  'ref' => NULL,
  'rows' => 20,
  'extra' => 'Using where',
) ]
---------------------------------------------------------------
[2018-09-11T09:54:13+08:00] 221.237.115.105 GET abc.yongweisoft.cn/static/utf8-php/php/controller.php?action=config&&noCache=1536630840802
[运行时间：0.100964s] [吞吐率：9.90req/s] [内存消耗：2,796.59kb] [文件加载：74]
[ info ] [ LANG ] /www/wwwroot/default/garbage.yw/server/thinkphp/lang/zh-cn.php
[ info ] [ ROUTE ] array (
)
[ info ] [ HEADER ] array (
  'host' => 'abc.yongweisoft.cn',
  'connection' => 'keep-alive',
  'user-agent' => 'Mozilla/5.0 (Windows NT 6.1; Win64; x64) AppleWebKit/537.36 (KHTML, like Gecko) Chrome/69.0.3497.81 Safari/537.36',
  'accept' => '*/*',
  'referer' => 'https://abc.yongweisoft.cn/web/',
  'accept-encoding' => 'gzip, deflate, br',
  'accept-language' => 'zh-CN,zh;q=0.9',
  'cookie' => 'PHPSESSID=uev9v4oidm3jc3b0ogou96k2o1; Hm_lvt_dde6ba2851f3db0ddc415ce0f895822e=1536630837; Hm_lpvt_dde6ba2851f3db0ddc415ce0f895822e=1536630837',
  'content-type' => '',
  'content-length' => '',
)
[ info ] [ PARAM ] array (
)
---------------------------------------------------------------
[2018-09-11T09:54:13+08:00] 221.237.115.105 GET abc.yongweisoft.cn/static/utf8-php/third-party/codemirror/codemirror.js
[运行时间：0.064413s] [吞吐率：15.52req/s] [内存消耗：2,796.55kb] [文件加载：74]
[ info ] [ LANG ] /www/wwwroot/default/garbage.yw/server/thinkphp/lang/zh-cn.php
[ info ] [ ROUTE ] array (
)
[ info ] [ HEADER ] array (
  'host' => 'abc.yongweisoft.cn',
  'connection' => 'keep-alive',
  'user-agent' => 'Mozilla/5.0 (Windows NT 6.1; Win64; x64) AppleWebKit/537.36 (KHTML, like Gecko) Chrome/69.0.3497.81 Safari/537.36',
  'accept' => '*/*',
  'referer' => 'https://abc.yongweisoft.cn/web/',
  'accept-encoding' => 'gzip, deflate, br',
  'accept-language' => 'zh-CN,zh;q=0.9',
  'cookie' => 'PHPSESSID=uev9v4oidm3jc3b0ogou96k2o1; Hm_lvt_dde6ba2851f3db0ddc415ce0f895822e=1536630837; Hm_lpvt_dde6ba2851f3db0ddc415ce0f895822e=1536630837',
  'content-type' => '',
  'content-length' => '',
)
[ info ] [ PARAM ] array (
)
---------------------------------------------------------------
[2018-09-11T12:05:26+08:00] 54.162.96.190 GET 119.29.217.103:443/
[运行时间：0.042663s] [吞吐率：23.44req/s] [内存消耗：2,793.97kb] [文件加载：74]
[ info ] [ LANG ] /www/wwwroot/default/garbage.yw/server/thinkphp/lang/zh-cn.php
[ info ] [ ROUTE ] array (
)
[ info ] [ HEADER ] array (
  'host' => '119.29.217.103:443',
  'connection' => 'close',
  'accept-encoding' => 'gzip',
  'user-agent' => 'Mozilla/5.0 (Macintosh; Intel Mac OS X 10_11_5) AppleWebKit/537.36 (KHTML, like Gecko) Chrome/50.0.2661.102 Safari/537.36',
  'content-type' => '',
  'content-length' => '',
)
[ info ] [ PARAM ] array (
)
---------------------------------------------------------------
[2018-09-11T13:33:38+08:00] 221.237.115.105 POST abc.yongweisoft.cn/technician/list?version=v1&page=1&limit=10
[运行时间：0.084731s] [吞吐率：11.80req/s] [内存消耗：4,697.86kb] [文件加载：89]
[ info ] [ LANG ] /www/wwwroot/default/garbage.yw/server/thinkphp/lang/zh-cn.php
[ info ] [ ROUTE ] array (
  'rule' => 'technician/list',
  'route' => 'technician/technician/technician_list',
  'option' => 
  array (
    'merge_rule_regex' => false,
  ),
  'var' => 
  array (
  ),
)
[ info ] [ HEADER ] array (
  'host' => 'abc.yongweisoft.cn',
  'connection' => 'keep-alive',
  'content-length' => '16',
  'accept' => 'application/json, text/plain, */*',
  'origin' => 'https://abc.yongweisoft.cn',
  'authorization' => 'Bearer eyJ0eXAiOiJKV1QiLCJhbGciOiJIUzI1NiJ9.eyJ1c2VySW5mbyI6ImhlbGxvIiwidGltZXMiOjAsImV4cCI6MTUzNjcxNzI0NiwiaXNzIjoieXcuY29tIiwibWVtYmVyaWQiOjF9.67UX3el8ld13DwNOm-HHqDU-14qFtX5iStOpZvNNfUA',
  'user-agent' => 'Mozilla/5.0 (Windows NT 6.1; Win64; x64) AppleWebKit/537.36 (KHTML, like Gecko) Chrome/69.0.3497.81 Safari/537.36',
  'content-type' => 'application/x-www-form-urlencoded',
  'referer' => 'https://abc.yongweisoft.cn/web/',
  'accept-encoding' => 'gzip, deflate, br',
  'accept-language' => 'zh-CN,zh;q=0.9',
  'cookie' => 'PHPSESSID=uev9v4oidm3jc3b0ogou96k2o1; Hm_lvt_dde6ba2851f3db0ddc415ce0f895822e=1536630837; Hm_lpvt_dde6ba2851f3db0ddc415ce0f895822e=1536630837',
)
[ info ] [ PARAM ] array (
  'version' => 'v1',
  'page' => '1',
  'limit' => '10',
  'name' => '',
  'sellerid' => '1',
)
[ info ] [ DB ] INIT mysql
[ sql ] [ DB ] CONNECT:[ UseTime:0.000421s ] mysql:host=127.0.0.1;port=3306;dbname=spa;charset=utf8
[ sql ] [ SQL ] SHOW COLUMNS FROM `yw_technician` [ RunTime:0.000858s ]
[ sql ] [ SQL ] SELECT `t`.`name`,a.id as sellerid,`t`.`imgurl`,`t`.`synopsis`,`t`.`id`,`t`.`phone`,`t`.`point`,`t`.`sort`,`t`.`label_text`,`t`.`label_color`,`t`.`label_imgurl`,`t`.`star`,`sex`,`level`,`price`,`t`.`state`,`t`.`ordersum` FROM `yw_technician` `t` INNER JOIN `yw_technician_seller` `ts` ON `ts`.`tid`=`t`.`id` INNER JOIN `yw_sellerinfo` `a` ON `a`.`id`=`ts`.`sellerid` WHERE  `t`.`name` LIKE '%%'  AND `a`.`id` = '1'  AND `t`.`state` IN ('1','2','3') ORDER BY `t`.`id` LIMIT 0,10 [ RunTime:0.000837s ]
[ sql ] [ EXPLAIN : array (
  'id' => 1,
  'select_type' => 'SIMPLE',
  'table' => 'a',
  'type' => 'const',
  'possible_keys' => 'PRIMARY',
  'key' => 'PRIMARY',
  'key_len' => '4',
  'ref' => 'const',
  'rows' => 1,
  'extra' => 'Using index; Using temporary; Using filesort',
) ]
[ sql ] [ SQL ] SELECT COUNT(*) AS tp_count FROM `yw_technician` `t` INNER JOIN `yw_technician_seller` `ts` ON `ts`.`tid`=`t`.`id` INNER JOIN `yw_sellerinfo` `a` ON `a`.`id`=`ts`.`sellerid` WHERE  `t`.`name` LIKE '%%'  AND `a`.`id` = '1'  AND `t`.`state` IN ('1','2','3') LIMIT 1 [ RunTime:0.000411s ]
[ sql ] [ EXPLAIN : array (
  'id' => 1,
  'select_type' => 'SIMPLE',
  'table' => 'a',
  'type' => 'const',
  'possible_keys' => 'PRIMARY',
  'key' => 'PRIMARY',
  'key_len' => '4',
  'ref' => 'const',
  'rows' => 1,
  'extra' => 'Using index',
) ]
[ warn ] SQL:SELECT `t`.`name`,a.id as sellerid,`t`.`imgurl`,`t`.`synopsis`,`t`.`id`,`t`.`phone`,`t`.`point`,`t`.`sort`,`t`.`label_text`,`t`.`label_color`,`t`.`label_imgurl`,`t`.`star`,`sex`,`level`,`price`,`t`.`state`,`t`.`ordersum` FROM `yw_technician` `t` INNER JOIN `yw_technician_seller` `ts` ON `ts`.`tid`=`t`.`id` INNER JOIN `yw_sellerinfo` `a` ON `a`.`id`=`ts`.`sellerid` WHERE  `t`.`name` LIKE :where_AND_t_name  AND `a`.`id` = :where_AND_a_id  AND `t`.`state` IN (:where_AND_t_state_in_1,:where_AND_t_state_in_2,:where_AND_t_state_in_3) ORDER BY `t`.`id` LIMIT 0,10  [Using index; Using temporary; Using filesort]
---------------------------------------------------------------
[2018-09-11T18:23:59+08:00] 221.237.115.105 POST abc.yongweisoft.cn/sellerinfo/list?version=v1&page=1&limit=2
[运行时间：0.361147s] [吞吐率：2.77req/s] [内存消耗：4,716.26kb] [文件加载：90]
[ info ] [ LANG ] /www/wwwroot/default/garbage.yw/server/thinkphp/lang/zh-cn.php
[ info ] [ ROUTE ] array (
  'rule' => 'sellerinfo/list',
  'route' => 'sellerinfo/Sellerinfo/Sellerinfo_list',
  'option' => 
  array (
    'merge_rule_regex' => false,
  ),
  'var' => 
  array (
  ),
)
[ info ] [ HEADER ] array (
  'host' => 'abc.yongweisoft.cn',
  'connection' => 'keep-alive',
  'content-length' => '0',
  'accept' => 'application/json, text/plain, */*',
  'origin' => 'https://abc.yongweisoft.cn',
  'authorization' => 'Bearer eyJ0eXAiOiJKV1QiLCJhbGciOiJIUzI1NiJ9.eyJ1c2VySW5mbyI6ImhlbGxvIiwidGltZXMiOjAsImV4cCI6MTUzNjcxNzI0NiwiaXNzIjoieXcuY29tIiwibWVtYmVyaWQiOjF9.67UX3el8ld13DwNOm-HHqDU-14qFtX5iStOpZvNNfUA',
  'user-agent' => 'Mozilla/5.0 (Windows NT 6.1; Win64; x64) AppleWebKit/537.36 (KHTML, like Gecko) Chrome/69.0.3497.81 Safari/537.36',
  'content-type' => 'application/x-www-form-urlencoded',
  'referer' => 'https://abc.yongweisoft.cn/web/',
  'accept-encoding' => 'gzip, deflate, br',
  'accept-language' => 'zh-CN,zh;q=0.9',
  'cookie' => 'PHPSESSID=uev9v4oidm3jc3b0ogou96k2o1; Hm_lvt_dde6ba2851f3db0ddc415ce0f895822e=1536630837; Hm_lpvt_dde6ba2851f3db0ddc415ce0f895822e=1536644013',
)
[ info ] [ PARAM ] array (
  'version' => 'v1',
  'page' => '1',
  'limit' => '2',
)
[ info ] [ DB ] INIT mysql
[ sql ] [ DB ] CONNECT:[ UseTime:0.000405s ] mysql:host=127.0.0.1;port=3306;dbname=spa;charset=utf8
[ sql ] [ SQL ] SHOW COLUMNS FROM `yw_sellerinfo` [ RunTime:0.000927s ]
[ sql ] [ SQL ] SELECT id,name,chargeman,phone,address,
            longitude,latitude,introduction,imgurl,state FROM `yw_sellerinfo` WHERE  `state` IN (1,2) LIMIT 0,2 [ RunTime:0.000402s ]
[ sql ] [ EXPLAIN : array (
  'id' => 1,
  'select_type' => 'SIMPLE',
  'table' => 'yw_sellerinfo',
  'type' => 'ALL',
  'possible_keys' => NULL,
  'key' => NULL,
  'key_len' => NULL,
  'ref' => NULL,
  'rows' => 3,
  'extra' => 'Using where',
) ]
[ sql ] [ SQL ] SELECT COUNT(*) AS tp_count FROM `yw_sellerinfo` WHERE  `state` IN (1,2) LIMIT 1 [ RunTime:0.000543s ]
[ sql ] [ EXPLAIN : array (
  'id' => 1,
  'select_type' => 'SIMPLE',
  'table' => 'yw_sellerinfo',
  'type' => 'ALL',
  'possible_keys' => NULL,
  'key' => NULL,
  'key_len' => NULL,
  'ref' => NULL,
  'rows' => 3,
  'extra' => 'Using where',
) ]
---------------------------------------------------------------
[2018-09-11T19:57:15+08:00] 222.186.31.27 GET 119.29.217.103/
[运行时间：0.030254s] [吞吐率：33.05req/s] [内存消耗：2,794.23kb] [文件加载：74]
[ info ] [ LANG ] /www/wwwroot/default/garbage.yw/server/thinkphp/lang/zh-cn.php
[ info ] [ ROUTE ] array (
)
[ info ] [ HEADER ] array (
  'connection' => 'Keep-Alive',
  'accept' => '*/*',
  'accept-language' => 'zh-cn',
  'referer' => 'https://119.29.217.103',
  'user-agent' => 'Mozilla/4.0 (compatible; MSIE 9.0; Windows NT 6.1)',
  'host' => '119.29.217.103',
  'content-type' => '',
  'content-length' => '',
)
[ info ] [ PARAM ] array (
)
---------------------------------------------------------------
[2018-09-11T19:57:16+08:00] 222.186.31.27 GET 119.29.217.103/
[运行时间：0.044599s] [吞吐率：22.42req/s] [内存消耗：2,794.23kb] [文件加载：74]
[ info ] [ LANG ] /www/wwwroot/default/garbage.yw/server/thinkphp/lang/zh-cn.php
[ info ] [ ROUTE ] array (
)
[ info ] [ HEADER ] array (
  'connection' => 'Keep-Alive',
  'accept' => '*/*',
  'accept-language' => 'zh-cn',
  'referer' => 'https://119.29.217.103',
  'user-agent' => 'Mozilla/4.0 (compatible; MSIE 9.0; Windows NT 6.1)',
  'host' => '119.29.217.103',
  'content-type' => '',
  'content-length' => '',
)
[ info ] [ PARAM ] array (
)
---------------------------------------------------------------
[2018-09-11T19:57:16+08:00] 222.186.31.27 GET 119.29.217.103/
[运行时间：0.054908s] [吞吐率：18.21req/s] [内存消耗：2,794.23kb] [文件加载：74]
[ info ] [ LANG ] /www/wwwroot/default/garbage.yw/server/thinkphp/lang/zh-cn.php
[ info ] [ ROUTE ] array (
)
[ info ] [ HEADER ] array (
  'connection' => 'Keep-Alive',
  'accept' => '*/*',
  'accept-language' => 'zh-cn',
  'referer' => 'https://119.29.217.103',
  'user-agent' => 'Mozilla/4.0 (compatible; MSIE 9.0; Windows NT 6.1)',
  'host' => '119.29.217.103',
  'content-type' => '',
  'content-length' => '',
)
[ info ] [ PARAM ] array (
)
---------------------------------------------------------------
[2018-09-11T19:57:22+08:00] 222.186.31.240 GET 119.29.217.103/
[运行时间：0.026862s] [吞吐率：37.23req/s] [内存消耗：2,794.23kb] [文件加载：74]
[ info ] [ LANG ] /www/wwwroot/default/garbage.yw/server/thinkphp/lang/zh-cn.php
[ info ] [ ROUTE ] array (
)
[ info ] [ HEADER ] array (
  'connection' => 'Keep-Alive',
  'accept' => '*/*',
  'accept-language' => 'zh-cn',
  'referer' => 'https://119.29.217.103',
  'user-agent' => 'Mozilla/4.0 (compatible; MSIE 9.0; Windows NT 6.1)',
  'host' => '119.29.217.103',
  'content-type' => '',
  'content-length' => '',
)
[ info ] [ PARAM ] array (
)
---------------------------------------------------------------
[2018-09-11T22:04:05+08:00] 184.105.247.195 GET 119.29.217.103/
[运行时间：0.025590s] [吞吐率：39.08req/s] [内存消耗：2,792.48kb] [文件加载：74]
[ info ] [ LANG ] /www/wwwroot/default/garbage.yw/server/thinkphp/lang/zh-cn.php
[ info ] [ ROUTE ] array (
)
[ info ] [ HEADER ] array (
  'host' => '119.29.217.103',
  'content-type' => '',
  'content-length' => '',
)
[ info ] [ PARAM ] array (
)
---------------------------------------------------------------
[2018-09-11T22:35:53+08:00] 175.34.187.4 GET 119.29.217.103/
[运行时间：0.035246s] [吞吐率：28.37req/s] [内存消耗：2,792.88kb] [文件加载：74]
[ info ] [ LANG ] /www/wwwroot/default/garbage.yw/server/thinkphp/lang/zh-cn.php
[ info ] [ ROUTE ] array (
)
[ info ] [ HEADER ] array (
  'host' => '119.29.217.103',
  'user-agent' => 'curl/7.43.0',
  'accept' => '*/*',
  'content-type' => '',
  'content-length' => '',
)
[ info ] [ PARAM ] array (
)
