---------------------------------------------------------------
[ 2018-09-06T23:16:23+08:00 ] 47.52.137.147 GET /q.php
[ info ] 119.29.217.103/q.php [运行时间：0.032997s][吞吐率：30.31req/s] [内存消耗：1,359.63kb] [文件加载：48]
[ info ] [ LANG ] /www/wwwroot/huahong.yongweisoft.cn/thinkphp/lang/zh-cn.php
[ info ] [ ROUTE ] array (
)
[ info ] [ HEADER ] array (
  'content-type' => 'application/x-www-form-urlencoded',
  'user-agent' => 'Mozilla/5.0 (Windows NT 6.1; Win64; x64; rv:57.0) Gecko/20100101 Firefox/57.0',
  'host' => '119.29.217.103',
  'content-length' => '25',
  'connection' => 'Keep-Alive',
  'cache-control' => 'no-cache',
)
[ info ] [ PARAM ] array (
)
[ info ] [ LOG ] INIT File
---------------------------------------------------------------
[ 2018-09-06T23:16:23+08:00 ] 47.52.137.147 GET /pe.php
[ info ] 119.29.217.103/pe.php [运行时间：0.014816s][吞吐率：67.49req/s] [内存消耗：1,359.22kb] [文件加载：48]
[ info ] [ LANG ] /www/wwwroot/huahong.yongweisoft.cn/thinkphp/lang/zh-cn.php
[ info ] [ ROUTE ] array (
)
[ info ] [ HEADER ] array (
  'content-type' => 'application/x-www-form-urlencoded',
  'user-agent' => 'Mozilla/5.0 (Windows NT 6.1; Win64; x64; rv:57.0) Gecko/20100101 Firefox/57.0',
  'host' => '119.29.217.103',
  'content-length' => '24',
  'connection' => 'Keep-Alive',
  'cache-control' => 'no-cache',
)
[ info ] [ PARAM ] array (
)
[ info ] [ LOG ] INIT File
---------------------------------------------------------------
[ 2018-09-06T23:16:23+08:00 ] 47.52.137.147 GET /hm.php
[ info ] 119.29.217.103/hm.php [运行时间：0.014766s][吞吐率：67.72req/s] [内存消耗：1,359.27kb] [文件加载：48]
[ info ] [ LANG ] /www/wwwroot/huahong.yongweisoft.cn/thinkphp/lang/zh-cn.php
[ info ] [ ROUTE ] array (
)
[ info ] [ HEADER ] array (
  'content-type' => 'application/x-www-form-urlencoded',
  'user-agent' => 'Mozilla/5.0 (Windows NT 6.1; Win64; x64; rv:57.0) Gecko/20100101 Firefox/57.0',
  'host' => '119.29.217.103',
  'content-length' => '22',
  'connection' => 'Keep-Alive',
  'cache-control' => 'no-cache',
)
[ info ] [ PARAM ] array (
)
[ info ] [ LOG ] INIT File
---------------------------------------------------------------
[ 2018-09-06T23:16:23+08:00 ] 47.52.137.147 GET /cainiao.php
[ info ] 119.29.217.103/cainiao.php [运行时间：0.013568s][吞吐率：73.70req/s] [内存消耗：1,359.31kb] [文件加载：48]
[ info ] [ LANG ] /www/wwwroot/huahong.yongweisoft.cn/thinkphp/lang/zh-cn.php
[ info ] [ ROUTE ] array (
)
[ info ] [ HEADER ] array (
  'content-type' => 'application/x-www-form-urlencoded',
  'user-agent' => 'Mozilla/5.0 (Windows NT 6.1; Win64; x64; rv:57.0) Gecko/20100101 Firefox/57.0',
  'host' => '119.29.217.103',
  'content-length' => '28',
  'connection' => 'Keep-Alive',
  'cache-control' => 'no-cache',
)
[ info ] [ PARAM ] array (
)
[ info ] [ LOG ] INIT File
---------------------------------------------------------------
[ 2018-09-06T23:16:24+08:00 ] 47.52.137.147 GET /zuoshou.php
[ info ] 119.29.217.103/zuoshou.php [运行时间：0.014883s][吞吐率：67.19req/s] [内存消耗：1,359.28kb] [文件加载：48]
[ info ] [ LANG ] /www/wwwroot/huahong.yongweisoft.cn/thinkphp/lang/zh-cn.php
[ info ] [ ROUTE ] array (
)
[ info ] [ HEADER ] array (
  'content-type' => 'application/x-www-form-urlencoded',
  'user-agent' => 'Mozilla/5.0 (Windows NT 6.1; Win64; x64; rv:57.0) Gecko/20100101 Firefox/57.0',
  'host' => '119.29.217.103',
  'content-length' => '23',
  'connection' => 'Keep-Alive',
  'cache-control' => 'no-cache',
)
[ info ] [ PARAM ] array (
)
[ info ] [ LOG ] INIT File
---------------------------------------------------------------
[ 2018-09-06T23:16:24+08:00 ] 47.52.137.147 GET /zuo.php
[ info ] 119.29.217.103/zuo.php [运行时间：0.013662s][吞吐率：73.20req/s] [内存消耗：1,359.27kb] [文件加载：48]
[ info ] [ LANG ] /www/wwwroot/huahong.yongweisoft.cn/thinkphp/lang/zh-cn.php
[ info ] [ ROUTE ] array (
)
[ info ] [ HEADER ] array (
  'content-type' => 'application/x-www-form-urlencoded',
  'user-agent' => 'Mozilla/5.0 (Windows NT 6.1; Win64; x64; rv:57.0) Gecko/20100101 Firefox/57.0',
  'host' => '119.29.217.103',
  'content-length' => '23',
  'connection' => 'Keep-Alive',
  'cache-control' => 'no-cache',
)
[ info ] [ PARAM ] array (
)
[ info ] [ LOG ] INIT File
---------------------------------------------------------------
[ 2018-09-06T23:16:24+08:00 ] 47.52.137.147 GET /aotu.php
[ info ] 119.29.217.103/aotu.php [运行时间：0.015205s][吞吐率：65.77req/s] [内存消耗：1,359.30kb] [文件加载：48]
[ info ] [ LANG ] /www/wwwroot/huahong.yongweisoft.cn/thinkphp/lang/zh-cn.php
[ info ] [ ROUTE ] array (
)
[ info ] [ HEADER ] array (
  'content-type' => 'application/x-www-form-urlencoded',
  'user-agent' => 'Mozilla/5.0 (Windows NT 6.1; Win64; x64; rv:57.0) Gecko/20100101 Firefox/57.0',
  'host' => '119.29.217.103',
  'content-length' => '27',
  'connection' => 'Keep-Alive',
  'cache-control' => 'no-cache',
)
[ info ] [ PARAM ] array (
)
[ info ] [ LOG ] INIT File
---------------------------------------------------------------
[ 2018-09-06T23:16:24+08:00 ] 47.52.137.147 GET /cmd.php
[ info ] 119.29.217.103/cmd.php [运行时间：0.020538s][吞吐率：48.69req/s] [内存消耗：1,359.27kb] [文件加载：48]
[ info ] [ LANG ] /www/wwwroot/huahong.yongweisoft.cn/thinkphp/lang/zh-cn.php
[ info ] [ ROUTE ] array (
)
[ info ] [ HEADER ] array (
  'content-type' => 'application/x-www-form-urlencoded',
  'user-agent' => 'Mozilla/5.0 (Windows NT 6.1; Win64; x64; rv:57.0) Gecko/20100101 Firefox/57.0',
  'host' => '119.29.217.103',
  'content-length' => '23',
  'connection' => 'Keep-Alive',
  'cache-control' => 'no-cache',
)
[ info ] [ PARAM ] array (
)
[ info ] [ LOG ] INIT File
---------------------------------------------------------------
[ 2018-09-06T23:16:24+08:00 ] 47.52.137.147 GET /bak.php
[ info ] 119.29.217.103/bak.php [运行时间：0.015373s][吞吐率：65.05req/s] [内存消耗：1,359.27kb] [文件加载：48]
[ info ] [ LANG ] /www/wwwroot/huahong.yongweisoft.cn/thinkphp/lang/zh-cn.php
[ info ] [ ROUTE ] array (
)
[ info ] [ HEADER ] array (
  'content-type' => 'application/x-www-form-urlencoded',
  'user-agent' => 'Mozilla/5.0 (Windows NT 6.1; Win64; x64; rv:57.0) Gecko/20100101 Firefox/57.0',
  'host' => '119.29.217.103',
  'content-length' => '23',
  'connection' => 'Keep-Alive',
  'cache-control' => 'no-cache',
)
[ info ] [ PARAM ] array (
)
[ info ] [ LOG ] INIT File
---------------------------------------------------------------
[ 2018-09-06T23:16:25+08:00 ] 47.52.137.147 GET /system.php
[ info ] 119.29.217.103/system.php [运行时间：0.014929s][吞吐率：66.98req/s] [内存消耗：1,359.28kb] [文件加载：48]
[ info ] [ LANG ] /www/wwwroot/huahong.yongweisoft.cn/thinkphp/lang/zh-cn.php
[ info ] [ ROUTE ] array (
)
[ info ] [ HEADER ] array (
  'content-type' => 'application/x-www-form-urlencoded',
  'user-agent' => 'Mozilla/5.0 (Windows NT 6.1; Win64; x64; rv:57.0) Gecko/20100101 Firefox/57.0',
  'host' => '119.29.217.103',
  'content-length' => '23',
  'connection' => 'Keep-Alive',
  'cache-control' => 'no-cache',
)
[ info ] [ PARAM ] array (
)
[ info ] [ LOG ] INIT File
---------------------------------------------------------------
[ 2018-09-06T23:16:26+08:00 ] 47.52.137.147 GET /l6.php
[ info ] 119.29.217.103/l6.php [运行时间：0.014643s][吞吐率：68.29req/s] [内存消耗：1,359.27kb] [文件加载：48]
[ info ] [ LANG ] /www/wwwroot/huahong.yongweisoft.cn/thinkphp/lang/zh-cn.php
[ info ] [ ROUTE ] array (
)
[ info ] [ HEADER ] array (
  'content-type' => 'application/x-www-form-urlencoded',
  'user-agent' => 'Mozilla/5.0 (Windows NT 6.1; Win64; x64; rv:57.0) Gecko/20100101 Firefox/57.0',
  'host' => '119.29.217.103',
  'content-length' => '22',
  'connection' => 'Keep-Alive',
  'cache-control' => 'no-cache',
)
[ info ] [ PARAM ] array (
)
[ info ] [ LOG ] INIT File
---------------------------------------------------------------
[ 2018-09-06T23:16:26+08:00 ] 47.52.137.147 GET /l7.php
[ info ] 119.29.217.103/l7.php [运行时间：0.014313s][吞吐率：69.87req/s] [内存消耗：1,359.27kb] [文件加载：48]
[ info ] [ LANG ] /www/wwwroot/huahong.yongweisoft.cn/thinkphp/lang/zh-cn.php
[ info ] [ ROUTE ] array (
)
[ info ] [ HEADER ] array (
  'content-type' => 'application/x-www-form-urlencoded',
  'user-agent' => 'Mozilla/5.0 (Windows NT 6.1; Win64; x64; rv:57.0) Gecko/20100101 Firefox/57.0',
  'host' => '119.29.217.103',
  'content-length' => '22',
  'connection' => 'Keep-Alive',
  'cache-control' => 'no-cache',
)
[ info ] [ PARAM ] array (
)
[ info ] [ LOG ] INIT File
---------------------------------------------------------------
[ 2018-09-06T23:16:26+08:00 ] 47.52.137.147 GET /l8.php
[ info ] 119.29.217.103/l8.php [运行时间：0.019100s][吞吐率：52.36req/s] [内存消耗：1,359.27kb] [文件加载：48]
[ info ] [ LANG ] /www/wwwroot/huahong.yongweisoft.cn/thinkphp/lang/zh-cn.php
[ info ] [ ROUTE ] array (
)
[ info ] [ HEADER ] array (
  'content-type' => 'application/x-www-form-urlencoded',
  'user-agent' => 'Mozilla/5.0 (Windows NT 6.1; Win64; x64; rv:57.0) Gecko/20100101 Firefox/57.0',
  'host' => '119.29.217.103',
  'content-length' => '20',
  'connection' => 'Keep-Alive',
  'cache-control' => 'no-cache',
)
[ info ] [ PARAM ] array (
)
[ info ] [ LOG ] INIT File
---------------------------------------------------------------
[ 2018-09-06T23:16:27+08:00 ] 47.52.137.147 GET /q.php
[ info ] 119.29.217.103/q.php [运行时间：0.013913s][吞吐率：71.87req/s] [内存消耗：1,359.27kb] [文件加载：48]
[ info ] [ LANG ] /www/wwwroot/huahong.yongweisoft.cn/thinkphp/lang/zh-cn.php
[ info ] [ ROUTE ] array (
)
[ info ] [ HEADER ] array (
  'content-type' => 'application/x-www-form-urlencoded',
  'user-agent' => 'Mozilla/5.0 (Windows NT 6.1; Win64; x64; rv:57.0) Gecko/20100101 Firefox/57.0',
  'host' => '119.29.217.103',
  'content-length' => '21',
  'connection' => 'Keep-Alive',
  'cache-control' => 'no-cache',
)
[ info ] [ PARAM ] array (
)
[ info ] [ LOG ] INIT File
---------------------------------------------------------------
[ 2018-09-06T23:16:27+08:00 ] 47.52.137.147 GET /56.php
[ info ] 119.29.217.103/56.php [运行时间：0.015955s][吞吐率：62.68req/s] [内存消耗：1,359.27kb] [文件加载：48]
[ info ] [ LANG ] /www/wwwroot/huahong.yongweisoft.cn/thinkphp/lang/zh-cn.php
[ info ] [ ROUTE ] array (
)
[ info ] [ HEADER ] array (
  'content-type' => 'application/x-www-form-urlencoded',
  'user-agent' => 'Mozilla/5.0 (Windows NT 6.1; Win64; x64; rv:57.0) Gecko/20100101 Firefox/57.0',
  'host' => '119.29.217.103',
  'content-length' => '21',
  'connection' => 'Keep-Alive',
  'cache-control' => 'no-cache',
)
[ info ] [ PARAM ] array (
)
[ info ] [ LOG ] INIT File
---------------------------------------------------------------
[ 2018-09-06T23:16:27+08:00 ] 47.52.137.147 GET /mz.php
[ info ] 119.29.217.103/mz.php [运行时间：0.016180s][吞吐率：61.80req/s] [内存消耗：1,359.27kb] [文件加载：48]
[ info ] [ LANG ] /www/wwwroot/huahong.yongweisoft.cn/thinkphp/lang/zh-cn.php
[ info ] [ ROUTE ] array (
)
[ info ] [ HEADER ] array (
  'content-type' => 'application/x-www-form-urlencoded',
  'user-agent' => 'Mozilla/5.0 (Windows NT 6.1; Win64; x64; rv:57.0) Gecko/20100101 Firefox/57.0',
  'host' => '119.29.217.103',
  'content-length' => '22',
  'connection' => 'Keep-Alive',
  'cache-control' => 'no-cache',
)
[ info ] [ PARAM ] array (
)
[ info ] [ LOG ] INIT File
---------------------------------------------------------------
[ 2018-09-06T23:16:27+08:00 ] 47.52.137.147 GET /xx.php
[ info ] 119.29.217.103/xx.php [运行时间：0.013935s][吞吐率：71.76req/s] [内存消耗：1,359.27kb] [文件加载：48]
[ info ] [ LANG ] /www/wwwroot/huahong.yongweisoft.cn/thinkphp/lang/zh-cn.php
[ info ] [ ROUTE ] array (
)
[ info ] [ HEADER ] array (
  'content-type' => 'application/x-www-form-urlencoded',
  'user-agent' => 'Mozilla/5.0 (Windows NT 6.1; Win64; x64; rv:57.0) Gecko/20100101 Firefox/57.0',
  'host' => '119.29.217.103',
  'content-length' => '22',
  'connection' => 'Keep-Alive',
  'cache-control' => 'no-cache',
)
[ info ] [ PARAM ] array (
)
[ info ] [ LOG ] INIT File
---------------------------------------------------------------
[ 2018-09-06T23:16:27+08:00 ] 47.52.137.147 GET /yumo.php
[ info ] 119.29.217.103/yumo.php [运行时间：0.017085s][吞吐率：58.53req/s] [内存消耗：1,359.22kb] [文件加载：48]
[ info ] [ LANG ] /www/wwwroot/huahong.yongweisoft.cn/thinkphp/lang/zh-cn.php
[ info ] [ ROUTE ] array (
)
[ info ] [ HEADER ] array (
  'content-type' => 'application/x-www-form-urlencoded',
  'user-agent' => 'Mozilla/5.0 (Windows NT 6.1; Win64; x64; rv:57.0) Gecko/20100101 Firefox/57.0',
  'host' => '119.29.217.103',
  'content-length' => '24',
  'connection' => 'Keep-Alive',
  'cache-control' => 'no-cache',
)
[ info ] [ PARAM ] array (
)
[ info ] [ LOG ] INIT File
---------------------------------------------------------------
[ 2018-09-06T23:16:27+08:00 ] 47.52.137.147 GET /min.php
[ info ] 119.29.217.103/min.php [运行时间：0.013228s][吞吐率：75.60req/s] [内存消耗：1,359.30kb] [文件加载：48]
[ info ] [ LANG ] /www/wwwroot/huahong.yongweisoft.cn/thinkphp/lang/zh-cn.php
[ info ] [ ROUTE ] array (
)
[ info ] [ HEADER ] array (
  'content-type' => 'application/x-www-form-urlencoded',
  'user-agent' => 'Mozilla/5.0 (Windows NT 6.1; Win64; x64; rv:57.0) Gecko/20100101 Firefox/57.0',
  'host' => '119.29.217.103',
  'content-length' => '25',
  'connection' => 'Keep-Alive',
  'cache-control' => 'no-cache',
)
[ info ] [ PARAM ] array (
)
[ info ] [ LOG ] INIT File
---------------------------------------------------------------
[ 2018-09-06T23:16:27+08:00 ] 47.52.137.147 GET /wan.php
[ info ] 119.29.217.103/wan.php [运行时间：0.016584s][吞吐率：60.30req/s] [内存消耗：1,359.30kb] [文件加载：48]
[ info ] [ LANG ] /www/wwwroot/huahong.yongweisoft.cn/thinkphp/lang/zh-cn.php
[ info ] [ ROUTE ] array (
)
[ info ] [ HEADER ] array (
  'content-type' => 'application/x-www-form-urlencoded',
  'user-agent' => 'Mozilla/5.0 (Windows NT 6.1; Win64; x64; rv:57.0) Gecko/20100101 Firefox/57.0',
  'host' => '119.29.217.103',
  'content-length' => '25',
  'connection' => 'Keep-Alive',
  'cache-control' => 'no-cache',
)
[ info ] [ PARAM ] array (
)
[ info ] [ LOG ] INIT File
---------------------------------------------------------------
[ 2018-09-06T23:16:28+08:00 ] 47.52.137.147 GET /wanan.php
[ info ] 119.29.217.103/wanan.php [运行时间：0.019844s][吞吐率：50.39req/s] [内存消耗：1,359.31kb] [文件加载：48]
[ info ] [ LANG ] /www/wwwroot/huahong.yongweisoft.cn/thinkphp/lang/zh-cn.php
[ info ] [ ROUTE ] array (
)
[ info ] [ HEADER ] array (
  'content-type' => 'application/x-www-form-urlencoded',
  'user-agent' => 'Mozilla/5.0 (Windows NT 6.1; Win64; x64; rv:57.0) Gecko/20100101 Firefox/57.0',
  'host' => '119.29.217.103',
  'content-length' => '25',
  'connection' => 'Keep-Alive',
  'cache-control' => 'no-cache',
)
[ info ] [ PARAM ] array (
)
[ info ] [ LOG ] INIT File
---------------------------------------------------------------
[ 2018-09-06T23:16:28+08:00 ] 47.52.137.147 GET /ssaa.php
[ info ] 119.29.217.103/ssaa.php [运行时间：0.013952s][吞吐率：71.67req/s] [内存消耗：1,359.27kb] [文件加载：48]
[ info ] [ LANG ] /www/wwwroot/huahong.yongweisoft.cn/thinkphp/lang/zh-cn.php
[ info ] [ ROUTE ] array (
)
[ info ] [ HEADER ] array (
  'content-type' => 'application/x-www-form-urlencoded',
  'user-agent' => 'Mozilla/5.0 (Windows NT 6.1; Win64; x64; rv:57.0) Gecko/20100101 Firefox/57.0',
  'host' => '119.29.217.103',
  'content-length' => '21',
  'connection' => 'Keep-Alive',
  'cache-control' => 'no-cache',
)
[ info ] [ PARAM ] array (
)
[ info ] [ LOG ] INIT File
---------------------------------------------------------------
[ 2018-09-06T23:16:29+08:00 ] 47.52.137.147 GET /qq.php
[ info ] 119.29.217.103/qq.php [运行时间：0.014408s][吞吐率：69.41req/s] [内存消耗：1,359.27kb] [文件加载：48]
[ info ] [ LANG ] /www/wwwroot/huahong.yongweisoft.cn/thinkphp/lang/zh-cn.php
[ info ] [ ROUTE ] array (
)
[ info ] [ HEADER ] array (
  'content-type' => 'application/x-www-form-urlencoded',
  'user-agent' => 'Mozilla/5.0 (Windows NT 6.1; Win64; x64; rv:57.0) Gecko/20100101 Firefox/57.0',
  'host' => '119.29.217.103',
  'content-length' => '22',
  'connection' => 'Keep-Alive',
  'cache-control' => 'no-cache',
)
[ info ] [ PARAM ] array (
)
[ info ] [ LOG ] INIT File
---------------------------------------------------------------
[ 2018-09-06T23:16:30+08:00 ] 47.52.137.147 GET /aw.php
[ info ] 119.29.217.103/aw.php [运行时间：0.019215s][吞吐率：52.04req/s] [内存消耗：1,359.27kb] [文件加载：48]
[ info ] [ LANG ] /www/wwwroot/huahong.yongweisoft.cn/thinkphp/lang/zh-cn.php
[ info ] [ ROUTE ] array (
)
[ info ] [ HEADER ] array (
  'content-type' => 'application/x-www-form-urlencoded',
  'user-agent' => 'Mozilla/5.0 (Windows NT 6.1; Win64; x64; rv:57.0) Gecko/20100101 Firefox/57.0',
  'host' => '119.29.217.103',
  'content-length' => '22',
  'connection' => 'Keep-Alive',
  'cache-control' => 'no-cache',
)
[ info ] [ PARAM ] array (
)
[ info ] [ LOG ] INIT File
---------------------------------------------------------------
[ 2018-09-06T23:16:30+08:00 ] 47.52.137.147 GET /12.php
[ info ] 119.29.217.103/12.php [运行时间：0.016704s][吞吐率：59.87req/s] [内存消耗：1,359.30kb] [文件加载：48]
[ info ] [ LANG ] /www/wwwroot/huahong.yongweisoft.cn/thinkphp/lang/zh-cn.php
[ info ] [ ROUTE ] array (
)
[ info ] [ HEADER ] array (
  'content-type' => 'application/x-www-form-urlencoded',
  'user-agent' => 'Mozilla/5.0 (Windows NT 6.1; Win64; x64; rv:57.0) Gecko/20100101 Firefox/57.0',
  'host' => '119.29.217.103',
  'content-length' => '27',
  'connection' => 'Keep-Alive',
  'cache-control' => 'no-cache',
)
[ info ] [ PARAM ] array (
)
[ info ] [ LOG ] INIT File
---------------------------------------------------------------
[ 2018-09-06T23:16:30+08:00 ] 47.52.137.147 GET /hh.php
[ info ] 119.29.217.103/hh.php [运行时间：0.015929s][吞吐率：62.78req/s] [内存消耗：1,359.22kb] [文件加载：48]
[ info ] [ LANG ] /www/wwwroot/huahong.yongweisoft.cn/thinkphp/lang/zh-cn.php
[ info ] [ ROUTE ] array (
)
[ info ] [ HEADER ] array (
  'content-type' => 'application/x-www-form-urlencoded',
  'user-agent' => 'Mozilla/5.0 (Windows NT 6.1; Win64; x64; rv:57.0) Gecko/20100101 Firefox/57.0',
  'host' => '119.29.217.103',
  'content-length' => '24',
  'connection' => 'Keep-Alive',
  'cache-control' => 'no-cache',
)
[ info ] [ PARAM ] array (
)
[ info ] [ LOG ] INIT File
---------------------------------------------------------------
[ 2018-09-06T23:16:30+08:00 ] 47.52.137.147 GET /ak.php
[ info ] 119.29.217.103/ak.php [运行时间：0.013061s][吞吐率：76.56req/s] [内存消耗：1,359.22kb] [文件加载：48]
[ info ] [ LANG ] /www/wwwroot/huahong.yongweisoft.cn/thinkphp/lang/zh-cn.php
[ info ] [ ROUTE ] array (
)
[ info ] [ HEADER ] array (
  'content-type' => 'application/x-www-form-urlencoded',
  'user-agent' => 'Mozilla/5.0 (Windows NT 6.1; Win64; x64; rv:57.0) Gecko/20100101 Firefox/57.0',
  'host' => '119.29.217.103',
  'content-length' => '24',
  'connection' => 'Keep-Alive',
  'cache-control' => 'no-cache',
)
[ info ] [ PARAM ] array (
)
[ info ] [ LOG ] INIT File
---------------------------------------------------------------
[ 2018-09-06T23:16:30+08:00 ] 47.52.137.147 GET /ip.php
[ info ] 119.29.217.103/ip.php [运行时间：0.020607s][吞吐率：48.53req/s] [内存消耗：1,359.22kb] [文件加载：48]
[ info ] [ LANG ] /www/wwwroot/huahong.yongweisoft.cn/thinkphp/lang/zh-cn.php
[ info ] [ ROUTE ] array (
)
[ info ] [ HEADER ] array (
  'content-type' => 'application/x-www-form-urlencoded',
  'user-agent' => 'Mozilla/5.0 (Windows NT 6.1; Win64; x64; rv:57.0) Gecko/20100101 Firefox/57.0',
  'host' => '119.29.217.103',
  'content-length' => '24',
  'connection' => 'Keep-Alive',
  'cache-control' => 'no-cache',
)
[ info ] [ PARAM ] array (
)
[ info ] [ LOG ] INIT File
---------------------------------------------------------------
[ 2018-09-06T23:16:30+08:00 ] 47.52.137.147 GET /infoo.php
[ info ] 119.29.217.103/infoo.php [运行时间：0.017055s][吞吐率：58.63req/s] [内存消耗：1,359.28kb] [文件加载：48]
[ info ] [ LANG ] /www/wwwroot/huahong.yongweisoft.cn/thinkphp/lang/zh-cn.php
[ info ] [ ROUTE ] array (
)
[ info ] [ HEADER ] array (
  'content-type' => 'application/x-www-form-urlencoded',
  'user-agent' => 'Mozilla/5.0 (Windows NT 6.1; Win64; x64; rv:57.0) Gecko/20100101 Firefox/57.0',
  'host' => '119.29.217.103',
  'content-length' => '21',
  'connection' => 'Keep-Alive',
  'cache-control' => 'no-cache',
)
[ info ] [ PARAM ] array (
)
[ info ] [ LOG ] INIT File
---------------------------------------------------------------
[ 2018-09-06T23:16:31+08:00 ] 47.52.137.147 GET /qq.php
[ info ] 119.29.217.103/qq.php [运行时间：0.017528s][吞吐率：57.05req/s] [内存消耗：1,359.27kb] [文件加载：48]
[ info ] [ LANG ] /www/wwwroot/huahong.yongweisoft.cn/thinkphp/lang/zh-cn.php
[ info ] [ ROUTE ] array (
)
[ info ] [ HEADER ] array (
  'content-type' => 'application/x-www-form-urlencoded',
  'user-agent' => 'Mozilla/5.0 (Windows NT 6.1; Win64; x64; rv:57.0) Gecko/20100101 Firefox/57.0',
  'host' => '119.29.217.103',
  'content-length' => '20',
  'connection' => 'Keep-Alive',
  'cache-control' => 'no-cache',
)
[ info ] [ PARAM ] array (
)
[ info ] [ LOG ] INIT File
---------------------------------------------------------------
[ 2018-09-06T23:16:31+08:00 ] 47.52.137.147 GET /qwe.php
[ info ] 119.29.217.103/qwe.php [运行时间：0.018984s][吞吐率：52.68req/s] [内存消耗：1,359.27kb] [文件加载：48]
[ info ] [ LANG ] /www/wwwroot/huahong.yongweisoft.cn/thinkphp/lang/zh-cn.php
[ info ] [ ROUTE ] array (
)
[ info ] [ HEADER ] array (
  'content-type' => 'application/x-www-form-urlencoded',
  'user-agent' => 'Mozilla/5.0 (Windows NT 6.1; Win64; x64; rv:57.0) Gecko/20100101 Firefox/57.0',
  'host' => '119.29.217.103',
  'content-length' => '20',
  'connection' => 'Keep-Alive',
  'cache-control' => 'no-cache',
)
[ info ] [ PARAM ] array (
)
[ info ] [ LOG ] INIT File
---------------------------------------------------------------
[ 2018-09-06T23:16:31+08:00 ] 47.52.137.147 GET /1213.php
[ info ] 119.29.217.103/1213.php [运行时间：0.016314s][吞吐率：61.30req/s] [内存消耗：1,359.27kb] [文件加载：48]
[ info ] [ LANG ] /www/wwwroot/huahong.yongweisoft.cn/thinkphp/lang/zh-cn.php
[ info ] [ ROUTE ] array (
)
[ info ] [ HEADER ] array (
  'content-type' => 'application/x-www-form-urlencoded',
  'user-agent' => 'Mozilla/5.0 (Windows NT 6.1; Win64; x64; rv:57.0) Gecko/20100101 Firefox/57.0',
  'host' => '119.29.217.103',
  'content-length' => '20',
  'connection' => 'Keep-Alive',
  'cache-control' => 'no-cache',
)
[ info ] [ PARAM ] array (
)
[ info ] [ LOG ] INIT File
---------------------------------------------------------------
[ 2018-09-06T23:16:31+08:00 ] 47.52.137.147 GET /post.php
[ info ] 119.29.217.103/post.php [运行时间：0.015515s][吞吐率：64.45req/s] [内存消耗：1,359.27kb] [文件加载：48]
[ info ] [ LANG ] /www/wwwroot/huahong.yongweisoft.cn/thinkphp/lang/zh-cn.php
[ info ] [ ROUTE ] array (
)
[ info ] [ HEADER ] array (
  'content-type' => 'application/x-www-form-urlencoded',
  'user-agent' => 'Mozilla/5.0 (Windows NT 6.1; Win64; x64; rv:57.0) Gecko/20100101 Firefox/57.0',
  'host' => '119.29.217.103',
  'content-length' => '22',
  'connection' => 'Keep-Alive',
  'cache-control' => 'no-cache',
)
[ info ] [ PARAM ] array (
)
[ info ] [ LOG ] INIT File
---------------------------------------------------------------
[ 2018-09-06T23:16:31+08:00 ] 47.52.137.147 GET /h1.php
[ info ] 119.29.217.103/h1.php [运行时间：0.013725s][吞吐率：72.86req/s] [内存消耗：1,359.27kb] [文件加载：48]
[ info ] [ LANG ] /www/wwwroot/huahong.yongweisoft.cn/thinkphp/lang/zh-cn.php
[ info ] [ ROUTE ] array (
)
[ info ] [ HEADER ] array (
  'content-type' => 'application/x-www-form-urlencoded',
  'user-agent' => 'Mozilla/5.0 (Windows NT 6.1; Win64; x64; rv:57.0) Gecko/20100101 Firefox/57.0',
  'host' => '119.29.217.103',
  'content-length' => '21',
  'connection' => 'Keep-Alive',
  'cache-control' => 'no-cache',
)
[ info ] [ PARAM ] array (
)
[ info ] [ LOG ] INIT File
---------------------------------------------------------------
[ 2018-09-06T23:16:31+08:00 ] 47.52.137.147 GET /test.php
[ info ] 119.29.217.103/test.php [运行时间：0.013709s][吞吐率：72.94req/s] [内存消耗：1,359.30kb] [文件加载：48]
[ info ] [ LANG ] /www/wwwroot/huahong.yongweisoft.cn/thinkphp/lang/zh-cn.php
[ info ] [ ROUTE ] array (
)
[ info ] [ HEADER ] array (
  'content-type' => 'application/x-www-form-urlencoded',
  'user-agent' => 'Mozilla/5.0 (Windows NT 6.1; Win64; x64; rv:57.0) Gecko/20100101 Firefox/57.0',
  'host' => '119.29.217.103',
  'content-length' => '25',
  'connection' => 'Keep-Alive',
  'cache-control' => 'no-cache',
)
[ info ] [ PARAM ] array (
)
[ info ] [ LOG ] INIT File
---------------------------------------------------------------
[ 2018-09-06T23:16:31+08:00 ] 47.52.137.147 GET /3.php
[ info ] 119.29.217.103/3.php [运行时间：0.016639s][吞吐率：60.10req/s] [内存消耗：1,359.27kb] [文件加载：48]
[ info ] [ LANG ] /www/wwwroot/huahong.yongweisoft.cn/thinkphp/lang/zh-cn.php
[ info ] [ ROUTE ] array (
)
[ info ] [ HEADER ] array (
  'content-type' => 'application/x-www-form-urlencoded',
  'user-agent' => 'Mozilla/5.0 (Windows NT 6.1; Win64; x64; rv:57.0) Gecko/20100101 Firefox/57.0',
  'host' => '119.29.217.103',
  'content-length' => '23',
  'connection' => 'Keep-Alive',
  'cache-control' => 'no-cache',
)
[ info ] [ PARAM ] array (
)
[ info ] [ LOG ] INIT File
---------------------------------------------------------------
[ 2018-09-06T23:16:32+08:00 ] 47.52.137.147 GET /phpinfi.php
[ info ] 119.29.217.103/phpinfi.php [运行时间：0.014155s][吞吐率：70.65req/s] [内存消耗：1,359.23kb] [文件加载：48]
[ info ] [ LANG ] /www/wwwroot/huahong.yongweisoft.cn/thinkphp/lang/zh-cn.php
[ info ] [ ROUTE ] array (
)
[ info ] [ HEADER ] array (
  'content-type' => 'application/x-www-form-urlencoded',
  'user-agent' => 'Mozilla/5.0 (Windows NT 6.1; Win64; x64; rv:57.0) Gecko/20100101 Firefox/57.0',
  'host' => '119.29.217.103',
  'content-length' => '24',
  'connection' => 'Keep-Alive',
  'cache-control' => 'no-cache',
)
[ info ] [ PARAM ] array (
)
[ info ] [ LOG ] INIT File
---------------------------------------------------------------
[ 2018-09-06T23:16:32+08:00 ] 47.52.137.147 GET /aaaa.php
[ info ] 119.29.217.103/aaaa.php [运行时间：0.012529s][吞吐率：79.82req/s] [内存消耗：1,359.22kb] [文件加载：48]
[ info ] [ LANG ] /www/wwwroot/huahong.yongweisoft.cn/thinkphp/lang/zh-cn.php
[ info ] [ ROUTE ] array (
)
[ info ] [ HEADER ] array (
  'content-type' => 'application/x-www-form-urlencoded',
  'user-agent' => 'Mozilla/5.0 (Windows NT 6.1; Win64; x64; rv:57.0) Gecko/20100101 Firefox/57.0',
  'host' => '119.29.217.103',
  'content-length' => '24',
  'connection' => 'Keep-Alive',
  'cache-control' => 'no-cache',
)
[ info ] [ PARAM ] array (
)
[ info ] [ LOG ] INIT File
---------------------------------------------------------------
[ 2018-09-06T23:16:32+08:00 ] 47.52.137.147 GET /9510.php
[ info ] 119.29.217.103/9510.php [运行时间：0.013699s][吞吐率：73.00req/s] [内存消耗：1,359.27kb] [文件加载：48]
[ info ] [ LANG ] /www/wwwroot/huahong.yongweisoft.cn/thinkphp/lang/zh-cn.php
[ info ] [ ROUTE ] array (
)
[ info ] [ HEADER ] array (
  'content-type' => 'application/x-www-form-urlencoded',
  'user-agent' => 'Mozilla/5.0 (Windows NT 6.1; Win64; x64; rv:57.0) Gecko/20100101 Firefox/57.0',
  'host' => '119.29.217.103',
  'content-length' => '21',
  'connection' => 'Keep-Alive',
  'cache-control' => 'no-cache',
)
[ info ] [ PARAM ] array (
)
[ info ] [ LOG ] INIT File
---------------------------------------------------------------
[ 2018-09-06T23:16:32+08:00 ] 47.52.137.147 GET /python.php
[ info ] 119.29.217.103/python.php [运行时间：0.015443s][吞吐率：64.75req/s] [内存消耗：1,359.28kb] [文件加载：48]
[ info ] [ LANG ] /www/wwwroot/huahong.yongweisoft.cn/thinkphp/lang/zh-cn.php
[ info ] [ ROUTE ] array (
)
[ info ] [ HEADER ] array (
  'content-type' => 'application/x-www-form-urlencoded',
  'user-agent' => 'Mozilla/5.0 (Windows NT 6.1; Win64; x64; rv:57.0) Gecko/20100101 Firefox/57.0',
  'host' => '119.29.217.103',
  'content-length' => '20',
  'connection' => 'Keep-Alive',
  'cache-control' => 'no-cache',
)
[ info ] [ PARAM ] array (
)
[ info ] [ LOG ] INIT File
---------------------------------------------------------------
[ 2018-09-06T23:16:32+08:00 ] 47.52.137.147 GET /default.php
[ info ] 119.29.217.103/default.php [运行时间：0.014107s][吞吐率：70.89req/s] [内存消耗：1,359.28kb] [文件加载：48]
[ info ] [ LANG ] /www/wwwroot/huahong.yongweisoft.cn/thinkphp/lang/zh-cn.php
[ info ] [ ROUTE ] array (
)
[ info ] [ HEADER ] array (
  'content-type' => 'application/x-www-form-urlencoded',
  'user-agent' => 'Mozilla/5.0 (Windows NT 6.1; Win64; x64; rv:57.0) Gecko/20100101 Firefox/57.0',
  'host' => '119.29.217.103',
  'content-length' => '20',
  'connection' => 'Keep-Alive',
  'cache-control' => 'no-cache',
)
[ info ] [ PARAM ] array (
)
[ info ] [ LOG ] INIT File
---------------------------------------------------------------
[ 2018-09-06T23:16:33+08:00 ] 47.52.137.147 GET /sean.php
[ info ] 119.29.217.103/sean.php [运行时间：0.015541s][吞吐率：64.35req/s] [内存消耗：1,359.22kb] [文件加载：48]
[ info ] [ LANG ] /www/wwwroot/huahong.yongweisoft.cn/thinkphp/lang/zh-cn.php
[ info ] [ ROUTE ] array (
)
[ info ] [ HEADER ] array (
  'content-type' => 'application/x-www-form-urlencoded',
  'user-agent' => 'Mozilla/5.0 (Windows NT 6.1; Win64; x64; rv:57.0) Gecko/20100101 Firefox/57.0',
  'host' => '119.29.217.103',
  'content-length' => '24',
  'connection' => 'Keep-Alive',
  'cache-control' => 'no-cache',
)
[ info ] [ PARAM ] array (
)
[ info ] [ LOG ] INIT File
---------------------------------------------------------------
[ 2018-09-06T23:16:34+08:00 ] 47.52.137.147 GET /app.php
[ info ] 119.29.217.103/app.php [运行时间：0.013878s][吞吐率：72.06req/s] [内存消耗：1,359.27kb] [文件加载：48]
[ info ] [ LANG ] /www/wwwroot/huahong.yongweisoft.cn/thinkphp/lang/zh-cn.php
[ info ] [ ROUTE ] array (
)
[ info ] [ HEADER ] array (
  'content-type' => 'application/x-www-form-urlencoded',
  'user-agent' => 'Mozilla/5.0 (Windows NT 6.1; Win64; x64; rv:57.0) Gecko/20100101 Firefox/57.0',
  'host' => '119.29.217.103',
  'content-length' => '23',
  'connection' => 'Keep-Alive',
  'cache-control' => 'no-cache',
)
[ info ] [ PARAM ] array (
)
[ info ] [ LOG ] INIT File
---------------------------------------------------------------
[ 2018-09-06T23:16:34+08:00 ] 47.52.137.147 GET /help.php
[ info ] 119.29.217.103/help.php [运行时间：0.015121s][吞吐率：66.13req/s] [内存消耗：1,359.27kb] [文件加载：48]
[ info ] [ LANG ] /www/wwwroot/huahong.yongweisoft.cn/thinkphp/lang/zh-cn.php
[ info ] [ ROUTE ] array (
)
[ info ] [ HEADER ] array (
  'content-type' => 'application/x-www-form-urlencoded',
  'user-agent' => 'Mozilla/5.0 (Windows NT 6.1; Win64; x64; rv:57.0) Gecko/20100101 Firefox/57.0',
  'host' => '119.29.217.103',
  'content-length' => '23',
  'connection' => 'Keep-Alive',
  'cache-control' => 'no-cache',
)
[ info ] [ PARAM ] array (
)
[ info ] [ LOG ] INIT File
---------------------------------------------------------------
[ 2018-09-06T23:16:34+08:00 ] 47.52.137.147 GET /tiandi.php
[ info ] 119.29.217.103/tiandi.php [运行时间：0.017384s][吞吐率：57.52req/s] [内存消耗：1,359.28kb] [文件加载：48]
[ info ] [ LANG ] /www/wwwroot/huahong.yongweisoft.cn/thinkphp/lang/zh-cn.php
[ info ] [ ROUTE ] array (
)
[ info ] [ HEADER ] array (
  'content-type' => 'application/x-www-form-urlencoded',
  'user-agent' => 'Mozilla/5.0 (Windows NT 6.1; Win64; x64; rv:57.0) Gecko/20100101 Firefox/57.0',
  'host' => '119.29.217.103',
  'content-length' => '20',
  'connection' => 'Keep-Alive',
  'cache-control' => 'no-cache',
)
[ info ] [ PARAM ] array (
)
[ info ] [ LOG ] INIT File
---------------------------------------------------------------
[ 2018-09-06T23:16:35+08:00 ] 47.52.137.147 GET /miao.php
[ info ] 119.29.217.103/miao.php [运行时间：0.023387s][吞吐率：42.76req/s] [内存消耗：1,359.22kb] [文件加载：48]
[ info ] [ LANG ] /www/wwwroot/huahong.yongweisoft.cn/thinkphp/lang/zh-cn.php
[ info ] [ ROUTE ] array (
)
[ info ] [ HEADER ] array (
  'content-type' => 'application/x-www-form-urlencoded',
  'user-agent' => 'Mozilla/5.0 (Windows NT 6.1; Win64; x64; rv:57.0) Gecko/20100101 Firefox/57.0',
  'host' => '119.29.217.103',
  'content-length' => '24',
  'connection' => 'Keep-Alive',
  'cache-control' => 'no-cache',
)
[ info ] [ PARAM ] array (
)
[ info ] [ LOG ] INIT File
---------------------------------------------------------------
[ 2018-09-06T23:16:35+08:00 ] 47.52.137.147 GET /xz.php
[ info ] 119.29.217.103/xz.php [运行时间：0.020764s][吞吐率：48.16req/s] [内存消耗：1,359.30kb] [文件加载：48]
[ info ] [ LANG ] /www/wwwroot/huahong.yongweisoft.cn/thinkphp/lang/zh-cn.php
[ info ] [ ROUTE ] array (
)
[ info ] [ HEADER ] array (
  'content-type' => 'application/x-www-form-urlencoded',
  'user-agent' => 'Mozilla/5.0 (Windows NT 6.1; Win64; x64; rv:57.0) Gecko/20100101 Firefox/57.0',
  'host' => '119.29.217.103',
  'content-length' => '29',
  'connection' => 'Keep-Alive',
  'cache-control' => 'no-cache',
)
[ info ] [ PARAM ] array (
)
[ info ] [ LOG ] INIT File
---------------------------------------------------------------
[ 2018-09-06T23:16:35+08:00 ] 47.52.137.147 GET /linuxse.php
[ info ] 119.29.217.103/linuxse.php [运行时间：0.013033s][吞吐率：76.73req/s] [内存消耗：1,359.28kb] [文件加载：48]
[ info ] [ LANG ] /www/wwwroot/huahong.yongweisoft.cn/thinkphp/lang/zh-cn.php
[ info ] [ ROUTE ] array (
)
[ info ] [ HEADER ] array (
  'content-type' => 'application/x-www-form-urlencoded',
  'user-agent' => 'Mozilla/5.0 (Windows NT 6.1; Win64; x64; rv:57.0) Gecko/20100101 Firefox/57.0',
  'host' => '119.29.217.103',
  'content-length' => '23',
  'connection' => 'Keep-Alive',
  'cache-control' => 'no-cache',
)
[ info ] [ PARAM ] array (
)
[ info ] [ LOG ] INIT File
---------------------------------------------------------------
[ 2018-09-06T23:16:35+08:00 ] 47.52.137.147 GET /zuoindex.php
[ info ] 119.29.217.103/zuoindex.php [运行时间：0.019965s][吞吐率：50.09req/s] [内存消耗：1,359.28kb] [文件加载：48]
[ info ] [ LANG ] /www/wwwroot/huahong.yongweisoft.cn/thinkphp/lang/zh-cn.php
[ info ] [ ROUTE ] array (
)
[ info ] [ HEADER ] array (
  'content-type' => 'application/x-www-form-urlencoded',
  'user-agent' => 'Mozilla/5.0 (Windows NT 6.1; Win64; x64; rv:57.0) Gecko/20100101 Firefox/57.0',
  'host' => '119.29.217.103',
  'content-length' => '23',
  'connection' => 'Keep-Alive',
  'cache-control' => 'no-cache',
)
[ info ] [ PARAM ] array (
)
[ info ] [ LOG ] INIT File
---------------------------------------------------------------
[ 2018-09-06T23:16:36+08:00 ] 47.52.137.147 GET /zshmindex.php
[ info ] 119.29.217.103/zshmindex.php [运行时间：0.012928s][吞吐率：77.35req/s] [内存消耗：1,359.28kb] [文件加载：48]
[ info ] [ LANG ] /www/wwwroot/huahong.yongweisoft.cn/thinkphp/lang/zh-cn.php
[ info ] [ ROUTE ] array (
)
[ info ] [ HEADER ] array (
  'content-type' => 'application/x-www-form-urlencoded',
  'user-agent' => 'Mozilla/5.0 (Windows NT 6.1; Win64; x64; rv:57.0) Gecko/20100101 Firefox/57.0',
  'host' => '119.29.217.103',
  'content-length' => '23',
  'connection' => 'Keep-Alive',
  'cache-control' => 'no-cache',
)
[ info ] [ PARAM ] array (
)
[ info ] [ LOG ] INIT File
---------------------------------------------------------------
[ 2018-09-06T23:16:36+08:00 ] 47.52.137.147 GET /ceshi.php
[ info ] 119.29.217.103/ceshi.php [运行时间：0.016925s][吞吐率：59.08req/s] [内存消耗：1,359.28kb] [文件加载：48]
[ info ] [ LANG ] /www/wwwroot/huahong.yongweisoft.cn/thinkphp/lang/zh-cn.php
[ info ] [ ROUTE ] array (
)
[ info ] [ HEADER ] array (
  'content-type' => 'application/x-www-form-urlencoded',
  'user-agent' => 'Mozilla/5.0 (Windows NT 6.1; Win64; x64; rv:57.0) Gecko/20100101 Firefox/57.0',
  'host' => '119.29.217.103',
  'content-length' => '23',
  'connection' => 'Keep-Alive',
  'cache-control' => 'no-cache',
)
[ info ] [ PARAM ] array (
)
[ info ] [ LOG ] INIT File
---------------------------------------------------------------
[ 2018-09-06T23:16:36+08:00 ] 47.52.137.147 GET /boots.php
[ info ] 119.29.217.103/boots.php [运行时间：0.013465s][吞吐率：74.27req/s] [内存消耗：1,359.23kb] [文件加载：48]
[ info ] [ LANG ] /www/wwwroot/huahong.yongweisoft.cn/thinkphp/lang/zh-cn.php
[ info ] [ ROUTE ] array (
)
[ info ] [ HEADER ] array (
  'content-type' => 'application/x-www-form-urlencoded',
  'user-agent' => 'Mozilla/5.0 (Windows NT 6.1; Win64; x64; rv:57.0) Gecko/20100101 Firefox/57.0',
  'host' => '119.29.217.103',
  'content-length' => '24',
  'connection' => 'Keep-Alive',
  'cache-control' => 'no-cache',
)
[ info ] [ PARAM ] array (
)
[ info ] [ LOG ] INIT File
---------------------------------------------------------------
[ 2018-09-06T23:16:36+08:00 ] 47.52.137.147 GET /she.php
[ info ] 119.29.217.103/she.php [运行时间：0.012572s][吞吐率：79.54req/s] [内存消耗：1,359.22kb] [文件加载：48]
[ info ] [ LANG ] /www/wwwroot/huahong.yongweisoft.cn/thinkphp/lang/zh-cn.php
[ info ] [ ROUTE ] array (
)
[ info ] [ HEADER ] array (
  'content-type' => 'application/x-www-form-urlencoded',
  'user-agent' => 'Mozilla/5.0 (Windows NT 6.1; Win64; x64; rv:57.0) Gecko/20100101 Firefox/57.0',
  'host' => '119.29.217.103',
  'content-length' => '24',
  'connection' => 'Keep-Alive',
  'cache-control' => 'no-cache',
)
[ info ] [ PARAM ] array (
)
[ info ] [ LOG ] INIT File
---------------------------------------------------------------
[ 2018-09-06T23:16:36+08:00 ] 47.52.137.147 GET /s.php
[ info ] 119.29.217.103/s.php [运行时间：0.019779s][吞吐率：50.56req/s] [内存消耗：1,359.27kb] [文件加载：48]
[ info ] [ LANG ] /www/wwwroot/huahong.yongweisoft.cn/thinkphp/lang/zh-cn.php
[ info ] [ ROUTE ] array (
)
[ info ] [ HEADER ] array (
  'content-type' => 'application/x-www-form-urlencoded',
  'user-agent' => 'Mozilla/5.0 (Windows NT 6.1; Win64; x64; rv:57.0) Gecko/20100101 Firefox/57.0',
  'host' => '119.29.217.103',
  'content-length' => '20',
  'connection' => 'Keep-Alive',
  'cache-control' => 'no-cache',
)
[ info ] [ PARAM ] array (
)
[ info ] [ LOG ] INIT File
---------------------------------------------------------------
[ 2018-09-06T23:16:36+08:00 ] 47.52.137.147 GET /qw.php
[ info ] 119.29.217.103/qw.php [运行时间：0.014720s][吞吐率：67.93req/s] [内存消耗：1,359.27kb] [文件加载：48]
[ info ] [ LANG ] /www/wwwroot/huahong.yongweisoft.cn/thinkphp/lang/zh-cn.php
[ info ] [ ROUTE ] array (
)
[ info ] [ HEADER ] array (
  'content-type' => 'application/x-www-form-urlencoded',
  'user-agent' => 'Mozilla/5.0 (Windows NT 6.1; Win64; x64; rv:57.0) Gecko/20100101 Firefox/57.0',
  'host' => '119.29.217.103',
  'content-length' => '22',
  'connection' => 'Keep-Alive',
  'cache-control' => 'no-cache',
)
[ info ] [ PARAM ] array (
)
[ info ] [ LOG ] INIT File
---------------------------------------------------------------
[ 2018-09-06T23:16:37+08:00 ] 47.52.137.147 GET /test.php
[ info ] 119.29.217.103/test.php [运行时间：0.018924s][吞吐率：52.84req/s] [内存消耗：1,359.22kb] [文件加载：48]
[ info ] [ LANG ] /www/wwwroot/huahong.yongweisoft.cn/thinkphp/lang/zh-cn.php
[ info ] [ ROUTE ] array (
)
[ info ] [ HEADER ] array (
  'content-type' => 'application/x-www-form-urlencoded',
  'user-agent' => 'Mozilla/5.0 (Windows NT 6.1; Win64; x64; rv:57.0) Gecko/20100101 Firefox/57.0',
  'host' => '119.29.217.103',
  'content-length' => '24',
  'connection' => 'Keep-Alive',
  'cache-control' => 'no-cache',
)
[ info ] [ PARAM ] array (
)
[ info ] [ LOG ] INIT File
---------------------------------------------------------------
[ 2018-09-06T23:16:37+08:00 ] 47.52.137.147 GET /caonma.php
[ info ] 119.29.217.103/caonma.php [运行时间：0.014466s][吞吐率：69.13req/s] [内存消耗：1,359.31kb] [文件加载：48]
[ info ] [ LANG ] /www/wwwroot/huahong.yongweisoft.cn/thinkphp/lang/zh-cn.php
[ info ] [ ROUTE ] array (
)
[ info ] [ HEADER ] array (
  'content-type' => 'application/x-www-form-urlencoded',
  'user-agent' => 'Mozilla/5.0 (Windows NT 6.1; Win64; x64; rv:57.0) Gecko/20100101 Firefox/57.0',
  'host' => '119.29.217.103',
  'content-length' => '26',
  'connection' => 'Keep-Alive',
  'cache-control' => 'no-cache',
)
[ info ] [ PARAM ] array (
)
[ info ] [ LOG ] INIT File
---------------------------------------------------------------
[ 2018-09-06T23:16:37+08:00 ] 47.52.137.147 GET /ss.php
[ info ] 119.29.217.103/ss.php [运行时间：0.013568s][吞吐率：73.70req/s] [内存消耗：1,359.30kb] [文件加载：48]
[ info ] [ LANG ] /www/wwwroot/huahong.yongweisoft.cn/thinkphp/lang/zh-cn.php
[ info ] [ ROUTE ] array (
)
[ info ] [ HEADER ] array (
  'content-type' => 'application/x-www-form-urlencoded',
  'user-agent' => 'Mozilla/5.0 (Windows NT 6.1; Win64; x64; rv:57.0) Gecko/20100101 Firefox/57.0',
  'host' => '119.29.217.103',
  'content-length' => '25',
  'connection' => 'Keep-Alive',
  'cache-control' => 'no-cache',
)
[ info ] [ PARAM ] array (
)
[ info ] [ LOG ] INIT File
---------------------------------------------------------------
[ 2018-09-06T23:16:37+08:00 ] 47.52.137.147 GET /wcp.php
[ info ] 119.29.217.103/wcp.php [运行时间：0.013551s][吞吐率：73.80req/s] [内存消耗：1,359.27kb] [文件加载：48]
[ info ] [ LANG ] /www/wwwroot/huahong.yongweisoft.cn/thinkphp/lang/zh-cn.php
[ info ] [ ROUTE ] array (
)
[ info ] [ HEADER ] array (
  'content-type' => 'application/x-www-form-urlencoded',
  'user-agent' => 'Mozilla/5.0 (Windows NT 6.1; Win64; x64; rv:57.0) Gecko/20100101 Firefox/57.0',
  'host' => '119.29.217.103',
  'content-length' => '23',
  'connection' => 'Keep-Alive',
  'cache-control' => 'no-cache',
)
[ info ] [ PARAM ] array (
)
[ info ] [ LOG ] INIT File
---------------------------------------------------------------
[ 2018-09-06T23:16:37+08:00 ] 47.52.137.147 GET /xiaoma.php
[ info ] 119.29.217.103/xiaoma.php [运行时间：0.013093s][吞吐率：76.38req/s] [内存消耗：1,359.28kb] [文件加载：48]
[ info ] [ LANG ] /www/wwwroot/huahong.yongweisoft.cn/thinkphp/lang/zh-cn.php
[ info ] [ ROUTE ] array (
)
[ info ] [ HEADER ] array (
  'content-type' => 'application/x-www-form-urlencoded',
  'user-agent' => 'Mozilla/5.0 (Windows NT 6.1; Win64; x64; rv:57.0) Gecko/20100101 Firefox/57.0',
  'host' => '119.29.217.103',
  'content-length' => '23',
  'connection' => 'Keep-Alive',
  'cache-control' => 'no-cache',
)
[ info ] [ PARAM ] array (
)
[ info ] [ LOG ] INIT File
---------------------------------------------------------------
[ 2018-09-06T23:16:37+08:00 ] 47.52.137.147 GET /xiaomae.php
[ info ] 119.29.217.103/xiaomae.php [运行时间：0.013213s][吞吐率：75.68req/s] [内存消耗：1,359.28kb] [文件加载：48]
[ info ] [ LANG ] /www/wwwroot/huahong.yongweisoft.cn/thinkphp/lang/zh-cn.php
[ info ] [ ROUTE ] array (
)
[ info ] [ HEADER ] array (
  'content-type' => 'application/x-www-form-urlencoded',
  'user-agent' => 'Mozilla/5.0 (Windows NT 6.1; Win64; x64; rv:57.0) Gecko/20100101 Firefox/57.0',
  'host' => '119.29.217.103',
  'content-length' => '23',
  'connection' => 'Keep-Alive',
  'cache-control' => 'no-cache',
)
[ info ] [ PARAM ] array (
)
[ info ] [ LOG ] INIT File
---------------------------------------------------------------
[ 2018-09-06T23:16:38+08:00 ] 47.52.137.147 GET /xiaomar.php
[ info ] 119.29.217.103/xiaomar.php [运行时间：0.012819s][吞吐率：78.01req/s] [内存消耗：1,359.28kb] [文件加载：48]
[ info ] [ LANG ] /www/wwwroot/huahong.yongweisoft.cn/thinkphp/lang/zh-cn.php
[ info ] [ ROUTE ] array (
)
[ info ] [ HEADER ] array (
  'content-type' => 'application/x-www-form-urlencoded',
  'user-agent' => 'Mozilla/5.0 (Windows NT 6.1; Win64; x64; rv:57.0) Gecko/20100101 Firefox/57.0',
  'host' => '119.29.217.103',
  'content-length' => '23',
  'connection' => 'Keep-Alive',
  'cache-control' => 'no-cache',
)
[ info ] [ PARAM ] array (
)
[ info ] [ LOG ] INIT File
---------------------------------------------------------------
[ 2018-09-06T23:16:38+08:00 ] 47.52.137.147 GET /qq.php
[ info ] 119.29.217.103/qq.php [运行时间：0.015634s][吞吐率：63.96req/s] [内存消耗：1,359.27kb] [文件加载：48]
[ info ] [ LANG ] /www/wwwroot/huahong.yongweisoft.cn/thinkphp/lang/zh-cn.php
[ info ] [ ROUTE ] array (
)
[ info ] [ HEADER ] array (
  'content-type' => 'application/x-www-form-urlencoded',
  'user-agent' => 'Mozilla/5.0 (Windows NT 6.1; Win64; x64; rv:57.0) Gecko/20100101 Firefox/57.0',
  'host' => '119.29.217.103',
  'content-length' => '23',
  'connection' => 'Keep-Alive',
  'cache-control' => 'no-cache',
)
[ info ] [ PARAM ] array (
)
[ info ] [ LOG ] INIT File
---------------------------------------------------------------
[ 2018-09-06T23:16:38+08:00 ] 47.52.137.147 GET /data.php
[ info ] 119.29.217.103/data.php [运行时间：0.014704s][吞吐率：68.01req/s] [内存消耗：1,359.27kb] [文件加载：48]
[ info ] [ LANG ] /www/wwwroot/huahong.yongweisoft.cn/thinkphp/lang/zh-cn.php
[ info ] [ ROUTE ] array (
)
[ info ] [ HEADER ] array (
  'content-type' => 'application/x-www-form-urlencoded',
  'user-agent' => 'Mozilla/5.0 (Windows NT 6.1; Win64; x64; rv:57.0) Gecko/20100101 Firefox/57.0',
  'host' => '119.29.217.103',
  'content-length' => '23',
  'connection' => 'Keep-Alive',
  'cache-control' => 'no-cache',
)
[ info ] [ PARAM ] array (
)
[ info ] [ LOG ] INIT File
---------------------------------------------------------------
[ 2018-09-06T23:16:38+08:00 ] 47.52.137.147 GET /log.php
[ info ] 119.29.217.103/log.php [运行时间：0.013102s][吞吐率：76.33req/s] [内存消耗：1,359.27kb] [文件加载：48]
[ info ] [ LANG ] /www/wwwroot/huahong.yongweisoft.cn/thinkphp/lang/zh-cn.php
[ info ] [ ROUTE ] array (
)
[ info ] [ HEADER ] array (
  'content-type' => 'application/x-www-form-urlencoded',
  'user-agent' => 'Mozilla/5.0 (Windows NT 6.1; Win64; x64; rv:57.0) Gecko/20100101 Firefox/57.0',
  'host' => '119.29.217.103',
  'content-length' => '21',
  'connection' => 'Keep-Alive',
  'cache-control' => 'no-cache',
)
[ info ] [ PARAM ] array (
)
[ info ] [ LOG ] INIT File
---------------------------------------------------------------
[ 2018-09-06T23:16:38+08:00 ] 47.52.137.147 GET /fack.php
[ info ] 119.29.217.103/fack.php [运行时间：0.014237s][吞吐率：70.24req/s] [内存消耗：1,359.27kb] [文件加载：48]
[ info ] [ LANG ] /www/wwwroot/huahong.yongweisoft.cn/thinkphp/lang/zh-cn.php
[ info ] [ ROUTE ] array (
)
[ info ] [ HEADER ] array (
  'content-type' => 'application/x-www-form-urlencoded',
  'user-agent' => 'Mozilla/5.0 (Windows NT 6.1; Win64; x64; rv:57.0) Gecko/20100101 Firefox/57.0',
  'host' => '119.29.217.103',
  'content-length' => '22',
  'connection' => 'Keep-Alive',
  'cache-control' => 'no-cache',
)
[ info ] [ PARAM ] array (
)
[ info ] [ LOG ] INIT File
---------------------------------------------------------------
[ 2018-09-06T23:16:38+08:00 ] 47.52.137.147 GET /angge.php
[ info ] 119.29.217.103/angge.php [运行时间：0.013762s][吞吐率：72.66req/s] [内存消耗：1,359.31kb] [文件加载：48]
[ info ] [ LANG ] /www/wwwroot/huahong.yongweisoft.cn/thinkphp/lang/zh-cn.php
[ info ] [ ROUTE ] array (
)
[ info ] [ HEADER ] array (
  'content-type' => 'application/x-www-form-urlencoded',
  'user-agent' => 'Mozilla/5.0 (Windows NT 6.1; Win64; x64; rv:57.0) Gecko/20100101 Firefox/57.0',
  'host' => '119.29.217.103',
  'content-length' => '25',
  'connection' => 'Keep-Alive',
  'cache-control' => 'no-cache',
)
[ info ] [ PARAM ] array (
)
[ info ] [ LOG ] INIT File
---------------------------------------------------------------
[ 2018-09-06T23:16:38+08:00 ] 47.52.137.147 GET /index.php
[ info ] 119.29.217.103/index.php [运行时间：0.020590s][吞吐率：48.57req/s] [内存消耗：1,864.20kb] [文件加载：59]
[ info ] [ LANG ] /www/wwwroot/huahong.yongweisoft.cn/thinkphp/lang/zh-cn.php
[ info ] [ ROUTE ] array (
)
[ info ] [ HEADER ] array (
  'user-agent' => 'Mozilla/5.0',
  'host' => '119.29.217.103',
  'connection' => 'Keep-Alive',
  'cache-control' => 'no-cache',
  'content-type' => '',
  'content-length' => '',
)
[ info ] [ PARAM ] array (
)
[ info ] [ LOG ] INIT File
[ error ] [8]未定义数组索引: HTTP_RAW_POST_DATA[/www/wwwroot/huahong.yongweisoft.cn/extend/wxlib/request.php:17]
---------------------------------------------------------------
[ 2018-09-06T23:16:39+08:00 ] 47.52.137.147 GET /phpmyadmin/index.php
[ info ] 119.29.217.103/phpmyadmin/index.php [运行时间：0.016592s][吞吐率：60.27req/s] [内存消耗：1,358.63kb] [文件加载：48]
[ info ] [ LANG ] /www/wwwroot/huahong.yongweisoft.cn/thinkphp/lang/zh-cn.php
[ info ] [ ROUTE ] array (
)
[ info ] [ HEADER ] array (
  'user-agent' => 'Mozilla/5.0',
  'host' => '119.29.217.103',
  'connection' => 'Keep-Alive',
  'cache-control' => 'no-cache',
  'content-type' => '',
  'content-length' => '',
)
[ info ] [ PARAM ] array (
)
[ info ] [ LOG ] INIT File
---------------------------------------------------------------
[ 2018-09-06T23:16:39+08:00 ] 47.52.137.147 GET /phpMyAdmin/index.php
[ info ] 119.29.217.103/phpMyAdmin/index.php [运行时间：0.016021s][吞吐率：62.42req/s] [内存消耗：1,358.63kb] [文件加载：48]
[ info ] [ LANG ] /www/wwwroot/huahong.yongweisoft.cn/thinkphp/lang/zh-cn.php
[ info ] [ ROUTE ] array (
)
[ info ] [ HEADER ] array (
  'user-agent' => 'Mozilla/5.0',
  'host' => '119.29.217.103',
  'connection' => 'Keep-Alive',
  'cache-control' => 'no-cache',
  'content-type' => '',
  'content-length' => '',
)
[ info ] [ PARAM ] array (
)
[ info ] [ LOG ] INIT File
---------------------------------------------------------------
[ 2018-09-06T23:16:39+08:00 ] 47.52.137.147 GET /pmd/index.php
[ info ] 119.29.217.103/pmd/index.php [运行时间：0.015517s][吞吐率：64.45req/s] [内存消耗：1,358.59kb] [文件加载：48]
[ info ] [ LANG ] /www/wwwroot/huahong.yongweisoft.cn/thinkphp/lang/zh-cn.php
[ info ] [ ROUTE ] array (
)
[ info ] [ HEADER ] array (
  'user-agent' => 'Mozilla/5.0',
  'host' => '119.29.217.103',
  'connection' => 'Keep-Alive',
  'cache-control' => 'no-cache',
  'content-type' => '',
  'content-length' => '',
)
[ info ] [ PARAM ] array (
)
[ info ] [ LOG ] INIT File
---------------------------------------------------------------
[ 2018-09-06T23:16:40+08:00 ] 47.52.137.147 GET /pma/index.php
[ info ] 119.29.217.103/pma/index.php [运行时间：0.017150s][吞吐率：58.31req/s] [内存消耗：1,358.59kb] [文件加载：48]
[ info ] [ LANG ] /www/wwwroot/huahong.yongweisoft.cn/thinkphp/lang/zh-cn.php
[ info ] [ ROUTE ] array (
)
[ info ] [ HEADER ] array (
  'user-agent' => 'Mozilla/5.0',
  'host' => '119.29.217.103',
  'connection' => 'Keep-Alive',
  'cache-control' => 'no-cache',
  'content-type' => '',
  'content-length' => '',
)
[ info ] [ PARAM ] array (
)
[ info ] [ LOG ] INIT File
---------------------------------------------------------------
[ 2018-09-06T23:16:41+08:00 ] 47.52.137.147 GET /PMA/index.php
[ info ] 119.29.217.103/PMA/index.php [运行时间：0.014147s][吞吐率：70.69req/s] [内存消耗：1,358.59kb] [文件加载：48]
[ info ] [ LANG ] /www/wwwroot/huahong.yongweisoft.cn/thinkphp/lang/zh-cn.php
[ info ] [ ROUTE ] array (
)
[ info ] [ HEADER ] array (
  'user-agent' => 'Mozilla/5.0',
  'host' => '119.29.217.103',
  'connection' => 'Keep-Alive',
  'cache-control' => 'no-cache',
  'content-type' => '',
  'content-length' => '',
)
[ info ] [ PARAM ] array (
)
[ info ] [ LOG ] INIT File
---------------------------------------------------------------
[ 2018-09-06T23:16:41+08:00 ] 47.52.137.147 GET /PMA2/index.php
[ info ] 119.29.217.103/PMA2/index.php [运行时间：0.013777s][吞吐率：72.58req/s] [内存消耗：1,358.59kb] [文件加载：48]
[ info ] [ LANG ] /www/wwwroot/huahong.yongweisoft.cn/thinkphp/lang/zh-cn.php
[ info ] [ ROUTE ] array (
)
[ info ] [ HEADER ] array (
  'user-agent' => 'Mozilla/5.0',
  'host' => '119.29.217.103',
  'connection' => 'Keep-Alive',
  'cache-control' => 'no-cache',
  'content-type' => '',
  'content-length' => '',
)
[ info ] [ PARAM ] array (
)
[ info ] [ LOG ] INIT File
---------------------------------------------------------------
[ 2018-09-06T23:16:41+08:00 ] 47.52.137.147 GET /pmamy/index.php
[ info ] 119.29.217.103/pmamy/index.php [运行时间：0.014973s][吞吐率：66.79req/s] [内存消耗：1,358.62kb] [文件加载：48]
[ info ] [ LANG ] /www/wwwroot/huahong.yongweisoft.cn/thinkphp/lang/zh-cn.php
[ info ] [ ROUTE ] array (
)
[ info ] [ HEADER ] array (
  'user-agent' => 'Mozilla/5.0',
  'host' => '119.29.217.103',
  'connection' => 'Keep-Alive',
  'cache-control' => 'no-cache',
  'content-type' => '',
  'content-length' => '',
)
[ info ] [ PARAM ] array (
)
[ info ] [ LOG ] INIT File
---------------------------------------------------------------
[ 2018-09-06T23:16:41+08:00 ] 47.52.137.147 GET /pmamy2/index.php
[ info ] 119.29.217.103/pmamy2/index.php [运行时间：0.013827s][吞吐率：72.32req/s] [内存消耗：1,358.62kb] [文件加载：48]
[ info ] [ LANG ] /www/wwwroot/huahong.yongweisoft.cn/thinkphp/lang/zh-cn.php
[ info ] [ ROUTE ] array (
)
[ info ] [ HEADER ] array (
  'user-agent' => 'Mozilla/5.0',
  'host' => '119.29.217.103',
  'connection' => 'Keep-Alive',
  'cache-control' => 'no-cache',
  'content-type' => '',
  'content-length' => '',
)
[ info ] [ PARAM ] array (
)
[ info ] [ LOG ] INIT File
---------------------------------------------------------------
[ 2018-09-06T23:16:41+08:00 ] 47.52.137.147 GET /mysql/index.php
[ info ] 119.29.217.103/mysql/index.php [运行时间：0.013881s][吞吐率：72.04req/s] [内存消耗：1,358.62kb] [文件加载：48]
[ info ] [ LANG ] /www/wwwroot/huahong.yongweisoft.cn/thinkphp/lang/zh-cn.php
[ info ] [ ROUTE ] array (
)
[ info ] [ HEADER ] array (
  'user-agent' => 'Mozilla/5.0',
  'host' => '119.29.217.103',
  'connection' => 'Keep-Alive',
  'cache-control' => 'no-cache',
  'content-type' => '',
  'content-length' => '',
)
[ info ] [ PARAM ] array (
)
[ info ] [ LOG ] INIT File
---------------------------------------------------------------
[ 2018-09-06T23:16:41+08:00 ] 47.52.137.147 GET /admin/index.php
[ info ] 119.29.217.103/admin/index.php [运行时间：0.014583s][吞吐率：68.57req/s] [内存消耗：1,358.62kb] [文件加载：48]
[ info ] [ LANG ] /www/wwwroot/huahong.yongweisoft.cn/thinkphp/lang/zh-cn.php
[ info ] [ ROUTE ] array (
)
[ info ] [ HEADER ] array (
  'user-agent' => 'Mozilla/5.0',
  'host' => '119.29.217.103',
  'connection' => 'Keep-Alive',
  'cache-control' => 'no-cache',
  'content-type' => '',
  'content-length' => '',
)
[ info ] [ PARAM ] array (
)
[ info ] [ LOG ] INIT File
---------------------------------------------------------------
[ 2018-09-06T23:16:42+08:00 ] 47.52.137.147 GET /db/index.php
[ info ] 119.29.217.103/db/index.php [运行时间：0.013758s][吞吐率：72.68req/s] [内存消耗：1,358.59kb] [文件加载：48]
[ info ] [ LANG ] /www/wwwroot/huahong.yongweisoft.cn/thinkphp/lang/zh-cn.php
[ info ] [ ROUTE ] array (
)
[ info ] [ HEADER ] array (
  'user-agent' => 'Mozilla/5.0',
  'host' => '119.29.217.103',
  'connection' => 'Keep-Alive',
  'cache-control' => 'no-cache',
  'content-type' => '',
  'content-length' => '',
)
[ info ] [ PARAM ] array (
)
[ info ] [ LOG ] INIT File
---------------------------------------------------------------
[ 2018-09-06T23:16:42+08:00 ] 47.52.137.147 GET /dbadmin/index.php
[ info ] 119.29.217.103/dbadmin/index.php [运行时间：0.013683s][吞吐率：73.08req/s] [内存消耗：1,358.63kb] [文件加载：48]
[ info ] [ LANG ] /www/wwwroot/huahong.yongweisoft.cn/thinkphp/lang/zh-cn.php
[ info ] [ ROUTE ] array (
)
[ info ] [ HEADER ] array (
  'user-agent' => 'Mozilla/5.0',
  'host' => '119.29.217.103',
  'connection' => 'Keep-Alive',
  'cache-control' => 'no-cache',
  'content-type' => '',
  'content-length' => '',
)
[ info ] [ PARAM ] array (
)
[ info ] [ LOG ] INIT File
---------------------------------------------------------------
[ 2018-09-06T23:16:42+08:00 ] 47.52.137.147 GET /web/phpMyAdmin/index.php
[ info ] 119.29.217.103/web/phpMyAdmin/index.php [运行时间：0.014124s][吞吐率：70.80req/s] [内存消耗：1,358.60kb] [文件加载：48]
[ info ] [ LANG ] /www/wwwroot/huahong.yongweisoft.cn/thinkphp/lang/zh-cn.php
[ info ] [ ROUTE ] array (
)
[ info ] [ HEADER ] array (
  'user-agent' => 'Mozilla/5.0',
  'host' => '119.29.217.103',
  'connection' => 'Keep-Alive',
  'cache-control' => 'no-cache',
  'content-type' => '',
  'content-length' => '',
)
[ info ] [ PARAM ] array (
)
[ info ] [ LOG ] INIT File
---------------------------------------------------------------
[ 2018-09-06T23:16:42+08:00 ] 47.52.137.147 GET /admin/pma/index.php
[ info ] 119.29.217.103/admin/pma/index.php [运行时间：0.013951s][吞吐率：71.68req/s] [内存消耗：1,358.63kb] [文件加载：48]
[ info ] [ LANG ] /www/wwwroot/huahong.yongweisoft.cn/thinkphp/lang/zh-cn.php
[ info ] [ ROUTE ] array (
)
[ info ] [ HEADER ] array (
  'user-agent' => 'Mozilla/5.0',
  'host' => '119.29.217.103',
  'connection' => 'Keep-Alive',
  'cache-control' => 'no-cache',
  'content-type' => '',
  'content-length' => '',
)
[ info ] [ PARAM ] array (
)
[ info ] [ LOG ] INIT File
---------------------------------------------------------------
[ 2018-09-06T23:16:42+08:00 ] 47.52.137.147 GET /admin/PMA/index.php
[ info ] 119.29.217.103/admin/PMA/index.php [运行时间：0.016902s][吞吐率：59.16req/s] [内存消耗：1,358.63kb] [文件加载：48]
[ info ] [ LANG ] /www/wwwroot/huahong.yongweisoft.cn/thinkphp/lang/zh-cn.php
[ info ] [ ROUTE ] array (
)
[ info ] [ HEADER ] array (
  'user-agent' => 'Mozilla/5.0',
  'host' => '119.29.217.103',
  'connection' => 'Keep-Alive',
  'cache-control' => 'no-cache',
  'content-type' => '',
  'content-length' => '',
)
[ info ] [ PARAM ] array (
)
[ info ] [ LOG ] INIT File
---------------------------------------------------------------
[ 2018-09-06T23:16:42+08:00 ] 47.52.137.147 GET /admin/mysql/index.php
[ info ] 119.29.217.103/admin/mysql/index.php [运行时间：0.015484s][吞吐率：64.58req/s] [内存消耗：1,358.63kb] [文件加载：48]
[ info ] [ LANG ] /www/wwwroot/huahong.yongweisoft.cn/thinkphp/lang/zh-cn.php
[ info ] [ ROUTE ] array (
)
[ info ] [ HEADER ] array (
  'user-agent' => 'Mozilla/5.0',
  'host' => '119.29.217.103',
  'connection' => 'Keep-Alive',
  'cache-control' => 'no-cache',
  'content-type' => '',
  'content-length' => '',
)
[ info ] [ PARAM ] array (
)
[ info ] [ LOG ] INIT File
---------------------------------------------------------------
[ 2018-09-06T23:16:43+08:00 ] 47.52.137.147 GET /admin/mysql2/index.php
[ info ] 119.29.217.103/admin/mysql2/index.php [运行时间：0.014549s][吞吐率：68.73req/s] [内存消耗：1,358.63kb] [文件加载：48]
[ info ] [ LANG ] /www/wwwroot/huahong.yongweisoft.cn/thinkphp/lang/zh-cn.php
[ info ] [ ROUTE ] array (
)
[ info ] [ HEADER ] array (
  'user-agent' => 'Mozilla/5.0',
  'host' => '119.29.217.103',
  'connection' => 'Keep-Alive',
  'cache-control' => 'no-cache',
  'content-type' => '',
  'content-length' => '',
)
[ info ] [ PARAM ] array (
)
[ info ] [ LOG ] INIT File
---------------------------------------------------------------
[ 2018-09-06T23:16:43+08:00 ] 47.52.137.147 GET /admin/phpmyadmin/index.php
[ info ] 119.29.217.103/admin/phpmyadmin/index.php [运行时间：0.013874s][吞吐率：72.08req/s] [内存消耗：1,358.61kb] [文件加载：48]
[ info ] [ LANG ] /www/wwwroot/huahong.yongweisoft.cn/thinkphp/lang/zh-cn.php
[ info ] [ ROUTE ] array (
)
[ info ] [ HEADER ] array (
  'user-agent' => 'Mozilla/5.0',
  'host' => '119.29.217.103',
  'connection' => 'Keep-Alive',
  'cache-control' => 'no-cache',
  'content-type' => '',
  'content-length' => '',
)
[ info ] [ PARAM ] array (
)
[ info ] [ LOG ] INIT File
---------------------------------------------------------------
[ 2018-09-06T23:16:43+08:00 ] 47.52.137.147 GET /admin/phpMyAdmin/index.php
[ info ] 119.29.217.103/admin/phpMyAdmin/index.php [运行时间：0.014401s][吞吐率：69.44req/s] [内存消耗：1,358.61kb] [文件加载：48]
[ info ] [ LANG ] /www/wwwroot/huahong.yongweisoft.cn/thinkphp/lang/zh-cn.php
[ info ] [ ROUTE ] array (
)
[ info ] [ HEADER ] array (
  'user-agent' => 'Mozilla/5.0',
  'host' => '119.29.217.103',
  'connection' => 'Keep-Alive',
  'cache-control' => 'no-cache',
  'content-type' => '',
  'content-length' => '',
)
[ info ] [ PARAM ] array (
)
[ info ] [ LOG ] INIT File
---------------------------------------------------------------
[ 2018-09-06T23:16:43+08:00 ] 47.52.137.147 GET /admin/phpmyadmin2/index.php
[ info ] 119.29.217.103/admin/phpmyadmin2/index.php [运行时间：0.014015s][吞吐率：71.35req/s] [内存消耗：1,358.61kb] [文件加载：48]
[ info ] [ LANG ] /www/wwwroot/huahong.yongweisoft.cn/thinkphp/lang/zh-cn.php
[ info ] [ ROUTE ] array (
)
[ info ] [ HEADER ] array (
  'user-agent' => 'Mozilla/5.0',
  'host' => '119.29.217.103',
  'connection' => 'Keep-Alive',
  'cache-control' => 'no-cache',
  'content-type' => '',
  'content-length' => '',
)
[ info ] [ PARAM ] array (
)
[ info ] [ LOG ] INIT File
---------------------------------------------------------------
[ 2018-09-06T23:16:43+08:00 ] 47.52.137.147 GET /mysqladmin/index.php
[ info ] 119.29.217.103/mysqladmin/index.php [运行时间：0.020199s][吞吐率：49.51req/s] [内存消耗：1,358.63kb] [文件加载：48]
[ info ] [ LANG ] /www/wwwroot/huahong.yongweisoft.cn/thinkphp/lang/zh-cn.php
[ info ] [ ROUTE ] array (
)
[ info ] [ HEADER ] array (
  'user-agent' => 'Mozilla/5.0',
  'host' => '119.29.217.103',
  'connection' => 'Keep-Alive',
  'cache-control' => 'no-cache',
  'content-type' => '',
  'content-length' => '',
)
[ info ] [ PARAM ] array (
)
[ info ] [ LOG ] INIT File
---------------------------------------------------------------
[ 2018-09-06T23:16:43+08:00 ] 47.52.137.147 GET /mysql-admin/index.php
[ info ] 119.29.217.103/mysql-admin/index.php [运行时间：0.013753s][吞吐率：72.71req/s] [内存消耗：1,358.63kb] [文件加载：48]
[ info ] [ LANG ] /www/wwwroot/huahong.yongweisoft.cn/thinkphp/lang/zh-cn.php
[ info ] [ ROUTE ] array (
)
[ info ] [ HEADER ] array (
  'user-agent' => 'Mozilla/5.0',
  'host' => '119.29.217.103',
  'connection' => 'Keep-Alive',
  'cache-control' => 'no-cache',
  'content-type' => '',
  'content-length' => '',
)
[ info ] [ PARAM ] array (
)
[ info ] [ LOG ] INIT File
---------------------------------------------------------------
[ 2018-09-06T23:16:43+08:00 ] 47.52.137.147 GET /phpadmin/index.php
[ info ] 119.29.217.103/phpadmin/index.php [运行时间：0.013778s][吞吐率：72.58req/s] [内存消耗：1,358.63kb] [文件加载：48]
[ info ] [ LANG ] /www/wwwroot/huahong.yongweisoft.cn/thinkphp/lang/zh-cn.php
[ info ] [ ROUTE ] array (
)
[ info ] [ HEADER ] array (
  'user-agent' => 'Mozilla/5.0',
  'host' => '119.29.217.103',
  'connection' => 'Keep-Alive',
  'cache-control' => 'no-cache',
  'content-type' => '',
  'content-length' => '',
)
[ info ] [ PARAM ] array (
)
[ info ] [ LOG ] INIT File
---------------------------------------------------------------
[ 2018-09-06T23:16:44+08:00 ] 47.52.137.147 GET /phpmyadmin0/index.php
[ info ] 119.29.217.103/phpmyadmin0/index.php [运行时间：0.013998s][吞吐率：71.44req/s] [内存消耗：1,358.63kb] [文件加载：48]
[ info ] [ LANG ] /www/wwwroot/huahong.yongweisoft.cn/thinkphp/lang/zh-cn.php
[ info ] [ ROUTE ] array (
)
[ info ] [ HEADER ] array (
  'user-agent' => 'Mozilla/5.0',
  'host' => '119.29.217.103',
  'connection' => 'Keep-Alive',
  'cache-control' => 'no-cache',
  'content-type' => '',
  'content-length' => '',
)
[ info ] [ PARAM ] array (
)
[ info ] [ LOG ] INIT File
---------------------------------------------------------------
[ 2018-09-06T23:16:44+08:00 ] 47.52.137.147 GET /phpmyadmin1/index.php
[ info ] 119.29.217.103/phpmyadmin1/index.php [运行时间：0.013785s][吞吐率：72.54req/s] [内存消耗：1,358.63kb] [文件加载：48]
[ info ] [ LANG ] /www/wwwroot/huahong.yongweisoft.cn/thinkphp/lang/zh-cn.php
[ info ] [ ROUTE ] array (
)
[ info ] [ HEADER ] array (
  'user-agent' => 'Mozilla/5.0',
  'host' => '119.29.217.103',
  'connection' => 'Keep-Alive',
  'cache-control' => 'no-cache',
  'content-type' => '',
  'content-length' => '',
)
[ info ] [ PARAM ] array (
)
[ info ] [ LOG ] INIT File
---------------------------------------------------------------
[ 2018-09-06T23:16:44+08:00 ] 47.52.137.147 GET /phpmyadmin2/index.php
[ info ] 119.29.217.103/phpmyadmin2/index.php [运行时间：0.013512s][吞吐率：74.01req/s] [内存消耗：1,358.63kb] [文件加载：48]
[ info ] [ LANG ] /www/wwwroot/huahong.yongweisoft.cn/thinkphp/lang/zh-cn.php
[ info ] [ ROUTE ] array (
)
[ info ] [ HEADER ] array (
  'user-agent' => 'Mozilla/5.0',
  'host' => '119.29.217.103',
  'connection' => 'Keep-Alive',
  'cache-control' => 'no-cache',
  'content-type' => '',
  'content-length' => '',
)
[ info ] [ PARAM ] array (
)
[ info ] [ LOG ] INIT File
---------------------------------------------------------------
[ 2018-09-06T23:16:44+08:00 ] 47.52.137.147 GET /myadmin/index.php
[ info ] 119.29.217.103/myadmin/index.php [运行时间：0.014813s][吞吐率：67.51req/s] [内存消耗：1,358.63kb] [文件加载：48]
[ info ] [ LANG ] /www/wwwroot/huahong.yongweisoft.cn/thinkphp/lang/zh-cn.php
[ info ] [ ROUTE ] array (
)
[ info ] [ HEADER ] array (
  'user-agent' => 'Mozilla/5.0',
  'host' => '119.29.217.103',
  'connection' => 'Keep-Alive',
  'cache-control' => 'no-cache',
  'content-type' => '',
  'content-length' => '',
)
[ info ] [ PARAM ] array (
)
[ info ] [ LOG ] INIT File
---------------------------------------------------------------
[ 2018-09-06T23:16:44+08:00 ] 47.52.137.147 GET /myadmin2/index.php
[ info ] 119.29.217.103/myadmin2/index.php [运行时间：0.016971s][吞吐率：58.92req/s] [内存消耗：1,358.63kb] [文件加载：48]
[ info ] [ LANG ] /www/wwwroot/huahong.yongweisoft.cn/thinkphp/lang/zh-cn.php
[ info ] [ ROUTE ] array (
)
[ info ] [ HEADER ] array (
  'user-agent' => 'Mozilla/5.0',
  'host' => '119.29.217.103',
  'connection' => 'Keep-Alive',
  'cache-control' => 'no-cache',
  'content-type' => '',
  'content-length' => '',
)
[ info ] [ PARAM ] array (
)
[ info ] [ LOG ] INIT File
---------------------------------------------------------------
[ 2018-09-06T23:16:44+08:00 ] 47.52.137.147 GET /xampp/phpmyadmin/index.php
[ info ] 119.29.217.103/xampp/phpmyadmin/index.php [运行时间：0.014778s][吞吐率：67.67req/s] [内存消耗：1,358.61kb] [文件加载：48]
[ info ] [ LANG ] /www/wwwroot/huahong.yongweisoft.cn/thinkphp/lang/zh-cn.php
[ info ] [ ROUTE ] array (
)
[ info ] [ HEADER ] array (
  'user-agent' => 'Mozilla/5.0',
  'host' => '119.29.217.103',
  'connection' => 'Keep-Alive',
  'cache-control' => 'no-cache',
  'content-type' => '',
  'content-length' => '',
)
[ info ] [ PARAM ] array (
)
[ info ] [ LOG ] INIT File
---------------------------------------------------------------
[ 2018-09-06T23:16:44+08:00 ] 47.52.137.147 GET /phpMyadmin_bak/index.php
[ info ] 119.29.217.103/phpMyadmin_bak/index.php [运行时间：0.014769s][吞吐率：67.71req/s] [内存消耗：1,358.60kb] [文件加载：48]
[ info ] [ LANG ] /www/wwwroot/huahong.yongweisoft.cn/thinkphp/lang/zh-cn.php
[ info ] [ ROUTE ] array (
)
[ info ] [ HEADER ] array (
  'user-agent' => 'Mozilla/5.0',
  'host' => '119.29.217.103',
  'connection' => 'Keep-Alive',
  'cache-control' => 'no-cache',
  'content-type' => '',
  'content-length' => '',
)
[ info ] [ PARAM ] array (
)
[ info ] [ LOG ] INIT File
---------------------------------------------------------------
[ 2018-09-06T23:16:45+08:00 ] 47.52.137.147 GET /www/phpMyAdmin/index.php
[ info ] 119.29.217.103/www/phpMyAdmin/index.php [运行时间：0.013766s][吞吐率：72.64req/s] [内存消耗：1,358.60kb] [文件加载：48]
[ info ] [ LANG ] /www/wwwroot/huahong.yongweisoft.cn/thinkphp/lang/zh-cn.php
[ info ] [ ROUTE ] array (
)
[ info ] [ HEADER ] array (
  'user-agent' => 'Mozilla/5.0',
  'host' => '119.29.217.103',
  'connection' => 'Keep-Alive',
  'cache-control' => 'no-cache',
  'content-type' => '',
  'content-length' => '',
)
[ info ] [ PARAM ] array (
)
[ info ] [ LOG ] INIT File
---------------------------------------------------------------
[ 2018-09-06T23:16:45+08:00 ] 47.52.137.147 GET /tools/phpMyAdmin/index.php
[ info ] 119.29.217.103/tools/phpMyAdmin/index.php [运行时间：0.014671s][吞吐率：68.16req/s] [内存消耗：1,358.61kb] [文件加载：48]
[ info ] [ LANG ] /www/wwwroot/huahong.yongweisoft.cn/thinkphp/lang/zh-cn.php
[ info ] [ ROUTE ] array (
)
[ info ] [ HEADER ] array (
  'user-agent' => 'Mozilla/5.0',
  'host' => '119.29.217.103',
  'connection' => 'Keep-Alive',
  'cache-control' => 'no-cache',
  'content-type' => '',
  'content-length' => '',
)
[ info ] [ PARAM ] array (
)
[ info ] [ LOG ] INIT File
---------------------------------------------------------------
[ 2018-09-06T23:16:45+08:00 ] 47.52.137.147 GET /phpmyadmin-old/index.php
[ info ] 119.29.217.103/phpmyadmin-old/index.php [运行时间：0.015712s][吞吐率：63.65req/s] [内存消耗：1,358.60kb] [文件加载：48]
[ info ] [ LANG ] /www/wwwroot/huahong.yongweisoft.cn/thinkphp/lang/zh-cn.php
[ info ] [ ROUTE ] array (
)
[ info ] [ HEADER ] array (
  'user-agent' => 'Mozilla/5.0',
  'host' => '119.29.217.103',
  'connection' => 'Keep-Alive',
  'cache-control' => 'no-cache',
  'content-type' => '',
  'content-length' => '',
)
[ info ] [ PARAM ] array (
)
[ info ] [ LOG ] INIT File
---------------------------------------------------------------
[ 2018-09-06T23:16:45+08:00 ] 47.52.137.147 GET /phpMyAdminold/index.php
[ info ] 119.29.217.103/phpMyAdminold/index.php [运行时间：0.013899s][吞吐率：71.95req/s] [内存消耗：1,358.60kb] [文件加载：48]
[ info ] [ LANG ] /www/wwwroot/huahong.yongweisoft.cn/thinkphp/lang/zh-cn.php
[ info ] [ ROUTE ] array (
)
[ info ] [ HEADER ] array (
  'user-agent' => 'Mozilla/5.0',
  'host' => '119.29.217.103',
  'connection' => 'Keep-Alive',
  'cache-control' => 'no-cache',
  'content-type' => '',
  'content-length' => '',
)
[ info ] [ PARAM ] array (
)
[ info ] [ LOG ] INIT File
---------------------------------------------------------------
[ 2018-09-06T23:16:46+08:00 ] 47.52.137.147 GET /phpMyAdmin.old/index.php
[ info ] 119.29.217.103/phpMyAdmin.old/index.php [运行时间：0.012769s][吞吐率：78.31req/s] [内存消耗：1,358.60kb] [文件加载：48]
[ info ] [ LANG ] /www/wwwroot/huahong.yongweisoft.cn/thinkphp/lang/zh-cn.php
[ info ] [ ROUTE ] array (
)
[ info ] [ HEADER ] array (
  'user-agent' => 'Mozilla/5.0',
  'host' => '119.29.217.103',
  'connection' => 'Keep-Alive',
  'cache-control' => 'no-cache',
  'content-type' => '',
  'content-length' => '',
)
[ info ] [ PARAM ] array (
)
[ info ] [ LOG ] INIT File
---------------------------------------------------------------
[ 2018-09-06T23:16:46+08:00 ] 47.52.137.147 GET /pma-old/index.php
[ info ] 119.29.217.103/pma-old/index.php [运行时间：0.013476s][吞吐率：74.21req/s] [内存消耗：1,358.63kb] [文件加载：48]
[ info ] [ LANG ] /www/wwwroot/huahong.yongweisoft.cn/thinkphp/lang/zh-cn.php
[ info ] [ ROUTE ] array (
)
[ info ] [ HEADER ] array (
  'user-agent' => 'Mozilla/5.0',
  'host' => '119.29.217.103',
  'connection' => 'Keep-Alive',
  'cache-control' => 'no-cache',
  'content-type' => '',
  'content-length' => '',
)
[ info ] [ PARAM ] array (
)
[ info ] [ LOG ] INIT File
---------------------------------------------------------------
[ 2018-09-06T23:16:46+08:00 ] 47.52.137.147 GET /claroline/phpMyAdmin/index.php
[ info ] 119.29.217.103/claroline/phpMyAdmin/index.php [运行时间：0.013372s][吞吐率：74.78req/s] [内存消耗：1,358.61kb] [文件加载：48]
[ info ] [ LANG ] /www/wwwroot/huahong.yongweisoft.cn/thinkphp/lang/zh-cn.php
[ info ] [ ROUTE ] array (
)
[ info ] [ HEADER ] array (
  'user-agent' => 'Mozilla/5.0',
  'host' => '119.29.217.103',
  'connection' => 'Keep-Alive',
  'cache-control' => 'no-cache',
  'content-type' => '',
  'content-length' => '',
)
[ info ] [ PARAM ] array (
)
[ info ] [ LOG ] INIT File
---------------------------------------------------------------
[ 2018-09-06T23:16:46+08:00 ] 47.52.137.147 GET /typo3/phpmyadmin/index.php
[ info ] 119.29.217.103/typo3/phpmyadmin/index.php [运行时间：0.014514s][吞吐率：68.90req/s] [内存消耗：1,358.61kb] [文件加载：48]
[ info ] [ LANG ] /www/wwwroot/huahong.yongweisoft.cn/thinkphp/lang/zh-cn.php
[ info ] [ ROUTE ] array (
)
[ info ] [ HEADER ] array (
  'user-agent' => 'Mozilla/5.0',
  'host' => '119.29.217.103',
  'connection' => 'Keep-Alive',
  'cache-control' => 'no-cache',
  'content-type' => '',
  'content-length' => '',
)
[ info ] [ PARAM ] array (
)
[ info ] [ LOG ] INIT File
---------------------------------------------------------------
[ 2018-09-06T23:16:46+08:00 ] 47.52.137.147 GET /phpma/index.php
[ info ] 119.29.217.103/phpma/index.php [运行时间：0.017648s][吞吐率：56.66req/s] [内存消耗：1,358.62kb] [文件加载：48]
[ info ] [ LANG ] /www/wwwroot/huahong.yongweisoft.cn/thinkphp/lang/zh-cn.php
[ info ] [ ROUTE ] array (
)
[ info ] [ HEADER ] array (
  'user-agent' => 'Mozilla/5.0',
  'host' => '119.29.217.103',
  'connection' => 'Keep-Alive',
  'cache-control' => 'no-cache',
  'content-type' => '',
  'content-length' => '',
)
[ info ] [ PARAM ] array (
)
[ info ] [ LOG ] INIT File
---------------------------------------------------------------
[ 2018-09-06T23:16:46+08:00 ] 47.52.137.147 GET /phpmyadmin/phpmyadmin/index.php
[ info ] 119.29.217.103/phpmyadmin/phpmyadmin/index.php [运行时间：0.014969s][吞吐率：66.80req/s] [内存消耗：1,358.65kb] [文件加载：48]
[ info ] [ LANG ] /www/wwwroot/huahong.yongweisoft.cn/thinkphp/lang/zh-cn.php
[ info ] [ ROUTE ] array (
)
[ info ] [ HEADER ] array (
  'user-agent' => 'Mozilla/5.0',
  'host' => '119.29.217.103',
  'connection' => 'Keep-Alive',
  'cache-control' => 'no-cache',
  'content-type' => '',
  'content-length' => '',
)
[ info ] [ PARAM ] array (
)
[ info ] [ LOG ] INIT File
---------------------------------------------------------------
[ 2018-09-06T23:16:46+08:00 ] 47.52.137.147 GET /phpMyAdmin/phpMyAdmin/index.php
[ info ] 119.29.217.103/phpMyAdmin/phpMyAdmin/index.php [运行时间：0.013595s][吞吐率：73.56req/s] [内存消耗：1,358.65kb] [文件加载：48]
[ info ] [ LANG ] /www/wwwroot/huahong.yongweisoft.cn/thinkphp/lang/zh-cn.php
[ info ] [ ROUTE ] array (
)
[ info ] [ HEADER ] array (
  'user-agent' => 'Mozilla/5.0',
  'host' => '119.29.217.103',
  'connection' => 'Keep-Alive',
  'cache-control' => 'no-cache',
  'content-type' => '',
  'content-length' => '',
)
[ info ] [ PARAM ] array (
)
[ info ] [ LOG ] INIT File
---------------------------------------------------------------
[ 2018-09-06T23:30:11+08:00 ] 95.181.179.253 GET /phpmyadmin/scripts/setup.php
[ info ] 255.255.255.0/phpmyadmin/scripts/setup.php [运行时间：0.013413s][吞吐率：74.55req/s] [内存消耗：1,358.48kb] [文件加载：48]
[ info ] [ LANG ] /www/wwwroot/huahong.yongweisoft.cn/thinkphp/lang/zh-cn.php
[ info ] [ ROUTE ] array (
)
[ info ] [ HEADER ] array (
  'host' => '255.255.255.0',
  'connection' => 'close',
  'user-agent' => 'Mozilla/5.0',
  'content-type' => '',
  'content-length' => '',
)
[ info ] [ PARAM ] array (
)
[ info ] [ LOG ] INIT File
